Spine 0: (contain: 8 ports)
	Port: 1 (contain 24 entries)
		0.000426/0/0/0/0	0/0/0/0/0	0/0/0/0/0	0.0982061/0/0/0/0	0.0243699/0/0/0/0	0/0/0/0/0	0/0/0/0/0	1.28e-05/0/0/0/0	0/0/0/0/0	0/0/0/0/0	0/0/0/0/0	0/0/0/0/0	0/0/0/0/0	0/0/0/0/0	9.872e-05/0/0/0/0	0/0/0/0/0	0/0/0/0/0	0/0/0/0/0	0/0/0/0/0	1.28e-05/0/0/0/0	0/0/0/0/0	0/0/0/0/0	0/0/0/0/0	0/0/0/0/0	
	Port: 2 (contain 24 entries)
		1.696e-05/0/0/0/0	0/0/0/0/0	0/0/0/0/0	0/0/0/0/0	4.84e-05/0/0/0/0	0/0/0/0/0	0/0/0/0/0	0/0/0/0/0	0/0/0/0/0	0.00013416/0/0/0/0	0.00021456/0/0/0/0	0/0/0/0/0	8.28e-05/0/0/0/0	0/0/0/0/0	0/0/0/0/0	0/0/0/0/0	0/0/0/0/0	0/0/0/0/0	0.0001536/0/0/0/0	0/0/0/0/0	0/0/0/0/0	0/0/0/0/0	0/0/0/0/0	0/0/0/0/0	
	Port: 3 (contain 24 entries)
		0/0/0/0/0	3.248e-05/0/0/0/0	1.28e-05/0/0/0/0	0/0/0/0/0	0.00058688/0/0/0/0	0/0/0/0/0	0/0/0/0/0	0.00451608/0/0/0/0	0.021607/0/0/0/0	0.0357677/0/0/0/0	0.0355888/0/0/0/0	0.0354103/0/0/0/0	0.0356554/0/0/0/0	0.0355306/0/0/0/0	0.0367162/0/0/0/0	0.005192/0/0/0/0	0/0/0/0/0	0/0/0/0/0	9.656e-05/0/0/0/0	0/0/0/0/0	0/0/0/0/0	0/0/0/0/0	2.112e-05/0/0/0/0	2.112e-05/0/0/0/0	
	Port: 4 (contain 24 entries)
		0/0/0/0/0	0/0/0/0/0	0.52842/0/0/0/0	0.962631/0/0/0/0	0.998744/0/0/0/0	0.99886/0/0/0/0	0.971214/0/0/0/0	0.846266/0/0/0/0	0.5082/0/0/0/0	0.493099/0/0/0/0	0.830892/0/0/0/0	0.962502/0/0/0/0	0.962037/0/0/0/0	0.95509/0/0/0/0	0.726465/0/0/0/0	0.974247/1/1454/0/0	0.998744/0/0/0/0	0.998744/0/0/0/0	0.998892/0/0/0/0	0.998756/0/0/0/0	0.998744/0/0/0/0	0.998744/0/0/0/0	0.415393/0/0/0/0	0.352347/1/54/0/0	
	Port: 5 (contain 24 entries)
		0.00023/0/0/0/0	0/0/0/0/0	0/0/0/0/0	0/0/0/0/0	1.28e-05/0/0/0/0	0/0/0/0/0	0/0/0/0/0	0/0/0/0/0	0/0/0/0/0	0/0/0/0/0	0/0/0/0/0	0/0/0/0/0	0/0/0/0/0	0/0/0/0/0	0/0/0/0/0	0.0203014/0/0/0/0	0/0/0/0/0	0/0/0/0/0	1.696e-05/0/0/0/0	0/0/0/0/0	3.28e-05/0/0/0/0	5.352e-05/0/0/0/0	0.57442/0/0/0/0	0.648057/0/0/0/0	
	Port: 6 (contain 24 entries)
		0/0/0/0/0	0/0/0/0/0	0/0/0/0/0	0.00015936/0/0/0/0	0/0/0/0/0	0/0/0/0/0	1.28e-05/0/0/0/0	0/0/0/0/0	0/0/0/0/0	0/0/0/0/0	0/0/0/0/0	0/0/0/0/0	0/0/0/0/0	0.00721056/0/0/0/0	0.0555992/0/0/0/0	1.28e-05/0/0/0/0	1.28e-05/0/0/0/0	0/0/0/0/0	0/0/0/0/0	0/0/0/0/0	0/0/0/0/0	1.28e-05/0/0/0/0	0/0/0/0/0	0/0/0/0/0	
	Port: 7 (contain 24 entries)
		0/0/0/0/0	9.04e-05/0/0/0/0	0/0/0/0/0	0.00081368/0/0/0/0	0.00016256/0/0/0/0	0/0/0/0/0	0/0/0/0/0	0/0/0/0/0	0/0/0/0/0	0/0/0/0/0	0/0/0/0/0	0/0/0/0/0	0/0/0/0/0	0/0/0/0/0	0.00020208/0/0/0/0	0/0/0/0/0	0/0/0/0/0	0/0/0/0/0	2.56e-05/0/0/0/0	3.36e-05/0/0/0/0	0/0/0/0/0	0/0/0/0/0	0.0238342/0/0/0/0	0/0/0/0/0	
	Port: 8 (contain 24 entries)
		0/0/0/0/0	0.00055912/0/0/0/0	0/0/0/0/0	0/0/0/0/0	0/0/0/0/0	0/0/0/0/0	0/0/0/0/0	1.28e-05/0/0/0/0	0.0104042/0/0/0/0	0/0/0/0/0	0.00779152/0/0/0/0	0.00306176/0/0/0/0	0/0/0/0/0	0/0/0/0/0	0/0/0/0/0	0/0/0/0/0	3.336e-05/0/0/0/0	0/0/0/0/0	0/0/0/0/0	0/0/0/0/0	0/0/0/0/0	0/0/0/0/0	0/0/0/0/0	0/0/0/0/0	

Spine 1: (contain: 8 ports)
	Port: 1 (contain 24 entries)
		3.184e-05/0/0/0/0	0/0/0/0/0	0/0/0/0/0	1.696e-05/0/0/0/0	0/0/0/0/0	0/0/0/0/0	0/0/0/0/0	0/0/0/0/0	0/0/0/0/0	0/0/0/0/0	0/0/0/0/0	0/0/0/0/0	0/0/0/0/0	0/0/0/0/0	0/0/0/0/0	0/0/0/0/0	0/0/0/0/0	0/0/0/0/0	0/0/0/0/0	0/0/0/0/0	0/0/0/0/0	2.424e-05/0/0/0/0	0/0/0/0/0	2.944e-05/0/0/0/0	
	Port: 2 (contain 24 entries)
		0/0/0/0/0	0/0/0/0/0	0/0/0/0/0	0/0/0/0/0	0/0/0/0/0	0/0/0/0/0	0/0/0/0/0	0/0/0/0/0	0/0/0/0/0	0/0/0/0/0	0/0/0/0/0	0/0/0/0/0	0/0/0/0/0	0/0/0/0/0	0/0/0/0/0	0/0/0/0/0	0/0/0/0/0	0/0/0/0/0	0/0/0/0/0	0/0/0/0/0	1.28e-05/0/0/0/0	0/0/0/0/0	0.0204218/0/0/0/0	0.0229715/0/0/0/0	
	Port: 3 (contain 24 entries)
		0/0/0/0/0	0/0/0/0/0	0/0/0/0/0	0/0/0/0/0	0/0/0/0/0	0/0/0/0/0	0/0/0/0/0	0/0/0/0/0	0/0/0/0/0	0/0/0/0/0	0/0/0/0/0	0/0/0/0/0	0/0/0/0/0	0/0/0/0/0	0/0/0/0/0	0/0/0/0/0	0/0/0/0/0	0/0/0/0/0	0/0/0/0/0	0/0/0/0/0	0/0/0/0/0	0/0/0/0/0	0/0/0/0/0	0/0/0/0/0	
	Port: 4 (contain 24 entries)
		0/0/0/0/0	0.00515688/0/0/0/0	0/0/0/0/0	0/0/0/0/0	0/0/0/0/0	0/0/0/0/0	0/0/0/0/0	0/0/0/0/0	0/0/0/0/0	0/0/0/0/0	0/0/0/0/0	0/0/0/0/0	0/0/0/0/0	0/0/0/0/0	0/0/0/0/0	1.28e-05/0/0/0/0	1.28e-05/0/0/0/0	0/0/0/0/0	0/0/0/0/0	0/0/0/0/0	0.00233824/0/0/0/0	0/0/0/0/0	0/0/0/0/0	0/0/0/0/0	
	Port: 5 (contain 24 entries)
		2.944e-05/0/0/0/0	0/0/0/0/0	0/0/0/0/0	9.144e-05/0/0/0/0	0/0/0/0/0	0/0/0/0/0	0/0/0/0/0	0/0/0/0/0	0/0/0/0/0	0/0/0/0/0	0/0/0/0/0	0/0/0/0/0	0/0/0/0/0	0/0/0/0/0	0/0/0/0/0	0/0/0/0/0	0/0/0/0/0	0/0/0/0/0	1.696e-05/0/0/0/0	0/0/0/0/0	0/0/0/0/0	0.307184/0/0/0/0	0/0/0/0/0	0/0/0/0/0	
	Port: 6 (contain 24 entries)
		0/0/0/0/0	0.00044544/0/0/0/0	0/0/0/0/0	0/0/0/0/0	0/0/0/0/0	0/0/0/0/0	0/0/0/0/0	0/0/0/0/0	0/0/0/0/0	0/0/0/0/0	1.696e-05/0/0/0/0	0/0/0/0/0	0/0/0/0/0	0/0/0/0/0	0/0/0/0/0	0/0/0/0/0	0/0/0/0/0	0/0/0/0/0	1.28e-05/0/0/0/0	0/0/0/0/0	0/0/0/0/0	0/0/0/0/0	0.0256209/0/0/0/0	0/0/0/0/0	
	Port: 7 (contain 24 entries)
		0/0/0/0/0	2.144e-05/0/0/0/0	0/0/0/0/0	0/0/0/0/0	0/0/0/0/0	0/0/0/0/0	0/0/0/0/0	0/0/0/0/0	0/0/0/0/0	0/0/0/0/0	0/0/0/0/0	0/0/0/0/0	0/0/0/0/0	4.44e-05/0/0/0/0	1.28e-05/0/0/0/0	0/0/0/0/0	0/0/0/0/0	0/0/0/0/0	0/0/0/0/0	0/0/0/0/0	0/0/0/0/0	0/0/0/0/0	0/0/0/0/0	0.00024096/0/0/0/0	
	Port: 8 (contain 24 entries)
		0/0/0/0/0	0/0/0/0/0	0/0/0/0/0	1.28e-05/0/0/0/0	0/0/0/0/0	0/0/0/0/0	0/0/0/0/0	0/0/0/0/0	0/0/0/0/0	0/0/0/0/0	0/0/0/0/0	0/0/0/0/0	0/0/0/0/0	0/0/0/0/0	0.168884/0/0/0/0	0.0119474/0/0/0/0	0/0/0/0/0	9.864e-05/0/0/0/0	0/0/0/0/0	0/0/0/0/0	0/0/0/0/0	0/0/0/0/0	0/0/0/0/0	0.236859/0/0/0/0	

Spine 2: (contain: 8 ports)
	Port: 1 (contain 24 entries)
		0.158741/0/0/0/0	0/0/0/0/0	0/0/0/0/0	0/0/0/0/0	0/0/0/0/0	0/0/0/0/0	0/0/0/0/0	0/0/0/0/0	0/0/0/0/0	0/0/0/0/0	0/0/0/0/0	0/0/0/0/0	0/0/0/0/0	0/0/0/0/0	0/0/0/0/0	0/0/0/0/0	0/0/0/0/0	0/0/0/0/0	3.256e-05/0/0/0/0	0/0/0/0/0	0/0/0/0/0	0/0/0/0/0	0/0/0/0/0	0/0/0/0/0	
	Port: 2 (contain 24 entries)
		0/0/0/0/0	0/0/0/0/0	0/0/0/0/0	0/0/0/0/0	0/0/0/0/0	0/0/0/0/0	0/0/0/0/0	0.129062/0/0/0/0	0.644688/0/0/0/0	0.99886/0/0/0/0	0.998744/0/0/0/0	0.99886/0/0/0/0	0.998744/0/0/0/0	0.998744/0/0/0/0	0.998511/0/0/0/0	0.14023/0/0/0/0	0/0/0/0/0	0/0/0/0/0	0/0/0/0/0	0/0/0/0/0	0/0/0/0/0	0/0/0/0/0	0/0/0/0/0	0/0/0/0/0	
	Port: 3 (contain 24 entries)
		0/0/0/0/0	0/0/0/0/0	0/0/0/0/0	0/0/0/0/0	0/0/0/0/0	0/0/0/0/0	0/0/0/0/0	0/0/0/0/0	0/0/0/0/0	0/0/0/0/0	0/0/0/0/0	0/0/0/0/0	0/0/0/0/0	0/0/0/0/0	0/0/0/0/0	0.00012872/0/0/0/0	0/0/0/0/0	0/0/0/0/0	0/0/0/0/0	0/0/0/0/0	0/0/0/0/0	0.0110077/0/0/0/0	0/0/0/0/0	0/0/0/0/0	
	Port: 4 (contain 24 entries)
		0/0/0/0/0	0/0/0/0/0	0/0/0/0/0	0/0/0/0/0	0/0/0/0/0	0/0/0/0/0	0/0/0/0/0	0/0/0/0/0	0/0/0/0/0	0/0/0/0/0	0/0/0/0/0	0/0/0/0/0	0/0/0/0/0	0/0/0/0/0	0/0/0/0/0	0/0/0/0/0	7.832e-05/0/0/0/0	0/0/0/0/0	0/0/0/0/0	0/0/0/0/0	0/0/0/0/0	0/0/0/0/0	0/0/0/0/0	0/0/0/0/0	
	Port: 5 (contain 24 entries)
		0/0/0/0/0	0/0/0/0/0	0/0/0/0/0	0.00029968/0/0/0/0	0/0/0/0/0	0/0/0/0/0	0/0/0/0/0	1.28e-05/0/0/0/0	0/0/0/0/0	0/0/0/0/0	0/0/0/0/0	0/0/0/0/0	0/0/0/0/0	0/0/0/0/0	0/0/0/0/0	0.00025848/0/0/0/0	0/0/0/0/0	0/0/0/0/0	0/0/0/0/0	0/0/0/0/0	0/0/0/0/0	0/0/0/0/0	0/0/0/0/0	4.48e-06/0/0/0/0	
	Port: 6 (contain 24 entries)
		0/0/0/0/0	0/0/0/0/0	0/0/0/0/0	0/0/0/0/0	0/0/0/0/0	0/0/0/0/0	0/0/0/0/0	0/0/0/0/0	5.304e-05/0/0/0/0	0/0/0/0/0	0/0/0/0/0	0/0/0/0/0	0/0/0/0/0	0/0/0/0/0	0/0/0/0/0	0/0/0/0/0	0/0/0/0/0	0/0/0/0/0	0/0/0/0/0	0/0/0/0/0	0/0/0/0/0	1.28e-05/0/0/0/0	0/0/0/0/0	0/0/0/0/0	
	Port: 7 (contain 24 entries)
		0/0/0/0/0	0/0/0/0/0	0/0/0/0/0	0/0/0/0/0	0/0/0/0/0	0/0/0/0/0	0/0/0/0/0	0.012325/0/0/0/0	0/0/0/0/0	0/0/0/0/0	0/0/0/0/0	0/0/0/0/0	0/0/0/0/0	1.696e-05/0/0/0/0	1.28e-05/0/0/0/0	0/0/0/0/0	0/0/0/0/0	0/0/0/0/0	0/0/0/0/0	0/0/0/0/0	0/0/0/0/0	0/0/0/0/0	0/0/0/0/0	0/0/0/0/0	
	Port: 8 (contain 24 entries)
		0/0/0/0/0	0/0/0/0/0	0/0/0/0/0	0/0/0/0/0	0/0/0/0/0	0/0/0/0/0	1.28e-05/0/0/0/0	0/0/0/0/0	0/0/0/0/0	0/0/0/0/0	0/0/0/0/0	0/0/0/0/0	0/0/0/0/0	0/0/0/0/0	0/0/0/0/0	0/0/0/0/0	3.136e-05/0/0/0/0	0/0/0/0/0	1.28e-05/0/0/0/0	0/0/0/0/0	0/0/0/0/0	0/0/0/0/0	0/0/0/0/0	0/0/0/0/0	

Spine 3: (contain: 8 ports)
	Port: 1 (contain 24 entries)
		0/0/0/0/0	0/0/0/0/0	0.001984/0/0/0/0	1.28e-05/0/0/0/0	0/0/0/0/0	0/0/0/0/0	0/0/0/0/0	0/0/0/0/0	0/0/0/0/0	1.28e-05/0/0/0/0	0/0/0/0/0	0/0/0/0/0	0/0/0/0/0	0/0/0/0/0	0/0/0/0/0	0.00018736/0/0/0/0	0/0/0/0/0	0/0/0/0/0	0/0/0/0/0	0/0/0/0/0	0/0/0/0/0	0/0/0/0/0	0/0/0/0/0	0.00027/0/0/0/0	
	Port: 2 (contain 24 entries)
		0/0/0/0/0	0/0/0/0/0	0/0/0/0/0	7.768e-05/0/0/0/0	0/0/0/0/0	0.00024096/0/0/0/0	0.318395/0/0/0/0	0.769497/0/0/0/0	0.998873/1/1454/0/0	0.959598/0/0/0/0	0.814832/0/0/0/0	0/0/0/0/0	0/0/0/0/0	0/0/0/0/0	0/0/0/0/0	2.944e-05/0/0/0/0	0/0/0/0/0	0/0/0/0/0	0/0/0/0/0	0/0/0/0/0	1.28e-05/0/0/0/0	0/0/0/0/0	0/0/0/0/0	0/0/0/0/0	
	Port: 3 (contain 24 entries)
		2.528e-05/0/0/0/0	0/0/0/0/0	0/0/0/0/0	0/0/0/0/0	0/0/0/0/0	0/0/0/0/0	0/0/0/0/0	0/0/0/0/0	0/0/0/0/0	0/0/0/0/0	0/0/0/0/0	0/0/0/0/0	0/0/0/0/0	2.112e-05/0/0/0/0	0/0/0/0/0	0/0/0/0/0	0/0/0/0/0	0/0/0/0/0	0/0/0/0/0	2.528e-05/0/0/0/0	6.752e-05/0/0/0/0	0/0/0/0/0	0/0/0/0/0	0/0/0/0/0	
	Port: 4 (contain 24 entries)
		0/0/0/0/0	0/0/0/0/0	0/0/0/0/0	0/0/0/0/0	0.00022448/0/0/0/0	0/0/0/0/0	0/0/0/0/0	0/0/0/0/0	0/0/0/0/0	0/0/0/0/0	0.00011928/0/0/0/0	0/0/0/0/0	0/0/0/0/0	0/0/0/0/0	0/0/0/0/0	0/0/0/0/0	0/0/0/0/0	0/0/0/0/0	0/0/0/0/0	0/0/0/0/0	0/0/0/0/0	0/0/0/0/0	0/0/0/0/0	0/0/0/0/0	
	Port: 5 (contain 24 entries)
		0/0/0/0/0	0/0/0/0/0	0/0/0/0/0	1.28e-05/0/0/0/0	0/0/0/0/0	0/0/0/0/0	0/0/0/0/0	0/0/0/0/0	0/0/0/0/0	0/0/0/0/0	0/0/0/0/0	0/0/0/0/0	0/0/0/0/0	7.992e-05/0/0/0/0	0/0/0/0/0	0.0028372/0/0/0/0	0/0/0/0/0	0/0/0/0/0	0/0/0/0/0	0/0/0/0/0	0/0/0/0/0	0/0/0/0/0	1.28e-05/0/0/0/0	0/0/0/0/0	
	Port: 6 (contain 24 entries)
		0/0/0/0/0	0/0/0/0/0	0/0/0/0/0	0.00025776/0/0/0/0	0/0/0/0/0	0/0/0/0/0	0/0/0/0/0	0.00024904/0/0/0/0	0/0/0/0/0	0/0/0/0/0	0/0/0/0/0	0/0/0/0/0	0/0/0/0/0	0/0/0/0/0	0/0/0/0/0	0.00050944/0/0/0/0	0/0/0/0/0	0/0/0/0/0	0/0/0/0/0	0/0/0/0/0	0/0/0/0/0	0/0/0/0/0	0/0/0/0/0	0/0/0/0/0	
	Port: 7 (contain 24 entries)
		1.28e-05/0/0/0/0	0/0/0/0/0	0/0/0/0/0	3.36e-05/0/0/0/0	0/0/0/0/0	0/0/0/0/0	0/0/0/0/0	0/0/0/0/0	0/0/0/0/0	0/0/0/0/0	0/0/0/0/0	0/0/0/0/0	0/0/0/0/0	0/0/0/0/0	0/0/0/0/0	0/0/0/0/0	0/0/0/0/0	0/0/0/0/0	0/0/0/0/0	0/0/0/0/0	0/0/0/0/0	0/0/0/0/0	0/0/0/0/0	0/0/0/0/0	
	Port: 8 (contain 24 entries)
		0/0/0/0/0	0/0/0/0/0	0/0/0/0/0	0/0/0/0/0	0/0/0/0/0	0/0/0/0/0	2.528e-05/0/0/0/0	0/0/0/0/0	0/0/0/0/0	0/0/0/0/0	0/0/0/0/0	1.28e-05/0/0/0/0	0/0/0/0/0	0.00022112/0/0/0/0	0.00010312/0/0/0/0	0/0/0/0/0	0/0/0/0/0	9.256e-05/0/0/0/0	0/0/0/0/0	0/0/0/0/0	0/0/0/0/0	0/0/0/0/0	0/0/0/0/0	0/0/0/0/0	

Spine 4: (contain: 8 ports)
	Port: 1 (contain 24 entries)
		0/0/0/0/0	0/0/0/0/0	0/0/0/0/0	1.696e-05/0/0/0/0	0/0/0/0/0	0/0/0/0/0	0/0/0/0/0	0/0/0/0/0	0/0/0/0/0	0/0/0/0/0	0/0/0/0/0	0/0/0/0/0	0/0/0/0/0	0/0/0/0/0	0/0/0/0/0	0/0/0/0/0	0/0/0/0/0	0/0/0/0/0	0/0/0/0/0	0/0/0/0/0	0/0/0/0/0	0/0/0/0/0	0/0/0/0/0	0/0/0/0/0	
	Port: 2 (contain 24 entries)
		0/0/0/0/0	0/0/0/0/0	0/0/0/0/0	0/0/0/0/0	0/0/0/0/0	0/0/0/0/0	0/0/0/0/0	1.28e-05/0/0/0/0	0/0/0/0/0	3.208e-05/0/0/0/0	0/0/0/0/0	0/0/0/0/0	0/0/0/0/0	0/0/0/0/0	0/0/0/0/0	0/0/0/0/0	0/0/0/0/0	0/0/0/0/0	9.88e-05/0/0/0/0	0/0/0/0/0	0/0/0/0/0	0/0/0/0/0	0/0/0/0/0	0/0/0/0/0	
	Port: 3 (contain 24 entries)
		0/0/0/0/0	0/0/0/0/0	0/0/0/0/0	0/0/0/0/0	0/0/0/0/0	0/0/0/0/0	0/0/0/0/0	0.00011512/0/0/0/0	0/0/0/0/0	0/0/0/0/0	0/0/0/0/0	0/0/0/0/0	0/0/0/0/0	0/0/0/0/0	0/0/0/0/0	0/0/0/0/0	0/0/0/0/0	0/0/0/0/0	0/0/0/0/0	5.784e-05/0/0/0/0	0.00010088/0/0/0/0	0/0/0/0/0	2.128e-05/0/0/0/0	0/0/0/0/0	
	Port: 4 (contain 24 entries)
		0.00048744/0/0/0/0	0/0/0/0/0	0/0/0/0/0	0/0/0/0/0	0/0/0/0/0	0/0/0/0/0	0/0/0/0/0	0/0/0/0/0	0/0/0/0/0	0/0/0/0/0	0/0/0/0/0	0/0/0/0/0	0/0/0/0/0	0.0002668/0/0/0/0	9.784e-05/0/0/0/0	0/0/0/0/0	0/0/0/0/0	0/0/0/0/0	0/0/0/0/0	0.0003936/0/0/0/0	0/0/0/0/0	0/0/0/0/0	0/0/0/0/0	0.00023912/0/0/0/0	
	Port: 5 (contain 24 entries)
		0/0/0/0/0	0/0/0/0/0	0/0/0/0/0	0/0/0/0/0	0/0/0/0/0	0/0/0/0/0	0/0/0/0/0	0/0/0/0/0	0/0/0/0/0	0/0/0/0/0	1.28e-05/0/0/0/0	0/0/0/0/0	0/0/0/0/0	0/0/0/0/0	1.28e-05/0/0/0/0	3.312e-05/0/0/0/0	0/0/0/0/0	0/0/0/0/0	0/0/0/0/0	0/0/0/0/0	0/0/0/0/0	0/0/0/0/0	0/0/0/0/0	0/0/0/0/0	
	Port: 6 (contain 24 entries)
		0/0/0/0/0	0/0/0/0/0	0/0/0/0/0	0/0/0/0/0	0/0/0/0/0	0/0/0/0/0	0/0/0/0/0	0/0/0/0/0	0/0/0/0/0	0/0/0/0/0	0/0/0/0/0	0/0/0/0/0	0/0/0/0/0	0/0/0/0/0	0/0/0/0/0	0/0/0/0/0	0/0/0/0/0	0/0/0/0/0	1.696e-05/0/0/0/0	0/0/0/0/0	0/0/0/0/0	0/0/0/0/0	0/0/0/0/0	0/0/0/0/0	
	Port: 7 (contain 24 entries)
		0/0/0/0/0	0/0/0/0/0	0/0/0/0/0	0/0/0/0/0	0/0/0/0/0	0/0/0/0/0	0/0/0/0/0	0/0/0/0/0	0/0/0/0/0	1.28e-05/0/0/0/0	0/0/0/0/0	0/0/0/0/0	0/0/0/0/0	0/0/0/0/0	0/0/0/0/0	0/0/0/0/0	0/0/0/0/0	0.0007056/0/0/0/0	0.00810568/0/0/0/0	0/0/0/0/0	0/0/0/0/0	0/0/0/0/0	0/0/0/0/0	0/0/0/0/0	
	Port: 8 (contain 24 entries)
		0/0/0/0/0	0/0/0/0/0	0/0/0/0/0	0/0/0/0/0	0/0/0/0/0	0/0/0/0/0	0/0/0/0/0	0/0/0/0/0	0/0/0/0/0	0/0/0/0/0	8.56e-05/0/0/0/0	0/0/0/0/0	0/0/0/0/0	0/0/0/0/0	0/0/0/0/0	0/0/0/0/0	0/0/0/0/0	0/0/0/0/0	0/0/0/0/0	0/0/0/0/0	0/0/0/0/0	0/0/0/0/0	0/0/0/0/0	0/0/0/0/0	

Spine 5: (contain: 8 ports)
	Port: 1 (contain 24 entries)
		0/0/0/0/0	0/0/0/0/0	0/0/0/0/0	0/0/0/0/0	0/0/0/0/0	0/0/0/0/0	0/0/0/0/0	0/0/0/0/0	0/0/0/0/0	0/0/0/0/0	0/0/0/0/0	0/0/0/0/0	0/0/0/0/0	0/0/0/0/0	0/0/0/0/0	0/0/0/0/0	0/0/0/0/0	0/0/0/0/0	0/0/0/0/0	0/0/0/0/0	0/0/0/0/0	0/0/0/0/0	0/0/0/0/0	0/0/0/0/0	
	Port: 2 (contain 24 entries)
		0/0/0/0/0	1.28e-05/0/0/0/0	0.0187744/0/0/0/0	0.0330678/0/0/0/0	0.0357635/0/0/0/0	0.0357677/0/0/0/0	0.0344947/0/0/0/0	0.0302099/0/0/0/0	0.018225/0/0/0/0	0.0175968/0/0/0/0	0.0297357/0/0/0/0	0.0344739/0/0/0/0	0.0344531/0/0/0/0	0.0341952/0/0/0/0	0.0256339/0/0/0/0	0.034865/0/0/0/0	0.0357677/0/0/0/0	0.0357677/0/0/0/0	0.0357718/0/0/0/0	0.0357677/0/0/0/0	0.0356803/0/0/0/0	0.0357718/0/0/0/0	0.0146182/0/0/0/0	0.0107581/0/0/0/0	
	Port: 3 (contain 24 entries)
		0/0/0/0/0	0.00020864/0/0/0/0	1.28e-05/0/0/0/0	0/0/0/0/0	0/0/0/0/0	0/0/0/0/0	0/0/0/0/0	0/0/0/0/0	0/0/0/0/0	0/0/0/0/0	0/0/0/0/0	0/0/0/0/0	0/0/0/0/0	0.00022328/0/0/0/0	1.696e-05/0/0/0/0	0/0/0/0/0	0/0/0/0/0	0/0/0/0/0	0.00015096/0/0/0/0	0/0/0/0/0	0/0/0/0/0	0/0/0/0/0	5.44e-05/0/0/0/0	0/0/0/0/0	
	Port: 4 (contain 24 entries)
		0/0/0/0/0	0.00010184/0/0/0/0	0/0/0/0/0	0/0/0/0/0	0/0/0/0/0	0/0/0/0/0	0/0/0/0/0	0.00054728/0/0/0/0	0/0/0/0/0	0/0/0/0/0	0/0/0/0/0	0/0/0/0/0	0/0/0/0/0	0/0/0/0/0	0/0/0/0/0	0/0/0/0/0	0/0/0/0/0	0/0/0/0/0	0/0/0/0/0	0/0/0/0/0	0/0/0/0/0	0/0/0/0/0	0/0/0/0/0	0/0/0/0/0	
	Port: 5 (contain 24 entries)
		0/0/0/0/0	0/0/0/0/0	0/0/0/0/0	0/0/0/0/0	0/0/0/0/0	0/0/0/0/0	0/0/0/0/0	0/0/0/0/0	0/0/0/0/0	0/0/0/0/0	0.215408/0/0/0/0	0.0848402/0/0/0/0	0/0/0/0/0	0/0/0/0/0	0/0/0/0/0	0/0/0/0/0	0/0/0/0/0	0/0/0/0/0	0/0/0/0/0	0/0/0/0/0	0/0/0/0/0	0.00012336/0/0/0/0	0/0/0/0/0	0/0/0/0/0	
	Port: 6 (contain 24 entries)
		0/0/0/0/0	0/0/0/0/0	0/0/0/0/0	0/0/0/0/0	0/0/0/0/0	0/0/0/0/0	0/0/0/0/0	0/0/0/0/0	0/0/0/0/0	0/0/0/0/0	0/0/0/0/0	0/0/0/0/0	0/0/0/0/0	0.00012552/0/0/0/0	0/0/0/0/0	0.00015848/0/0/0/0	0/0/0/0/0	0/0/0/0/0	0/0/0/0/0	0/0/0/0/0	0/0/0/0/0	0/0/0/0/0	0/0/0/0/0	0/0/0/0/0	
	Port: 7 (contain 24 entries)
		0/0/0/0/0	0/0/0/0/0	0/0/0/0/0	0/0/0/0/0	0/0/0/0/0	0/0/0/0/0	0/0/0/0/0	0/0/0/0/0	0/0/0/0/0	0/0/0/0/0	0/0/0/0/0	0/0/0/0/0	0/0/0/0/0	0/0/0/0/0	0/0/0/0/0	0/0/0/0/0	0/0/0/0/0	2.808e-05/0/0/0/0	3.328e-05/0/0/0/0	0/0/0/0/0	0/0/0/0/0	1.28e-05/0/0/0/0	0/0/0/0/0	0.0005596/0/0/0/0	
	Port: 8 (contain 24 entries)
		0/0/0/0/0	0/0/0/0/0	0/0/0/0/0	9.248e-05/0/0/0/0	0/0/0/0/0	0/0/0/0/0	0/0/0/0/0	0/0/0/0/0	0/0/0/0/0	0/0/0/0/0	0/0/0/0/0	0/0/0/0/0	0/0/0/0/0	0/0/0/0/0	0/0/0/0/0	0/0/0/0/0	0/0/0/0/0	0/0/0/0/0	1.28e-05/0/0/0/0	0/0/0/0/0	0/0/0/0/0	0/0/0/0/0	0/0/0/0/0	1.696e-05/0/0/0/0	

Spine 6: (contain: 8 ports)
	Port: 1 (contain 24 entries)
		0/0/0/0/0	0/0/0/0/0	0/0/0/0/0	2.112e-05/0/0/0/0	0/0/0/0/0	0/0/0/0/0	0/0/0/0/0	0/0/0/0/0	0/0/0/0/0	0/0/0/0/0	0/0/0/0/0	0/0/0/0/0	0/0/0/0/0	0/0/0/0/0	0/0/0/0/0	0.00011264/0/0/0/0	0/0/0/0/0	0/0/0/0/0	0/0/0/0/0	0/0/0/0/0	0/0/0/0/0	0/0/0/0/0	0.00028176/0/0/0/0	4.16e-06/0/0/0/0	
	Port: 2 (contain 24 entries)
		0/0/0/0/0	0/0/0/0/0	0/0/0/0/0	0/0/0/0/0	0/0/0/0/0	0/0/0/0/0	0/0/0/0/0	0/0/0/0/0	0/0/0/0/0	0/0/0/0/0	0/0/0/0/0	0/0/0/0/0	0/0/0/0/0	0.0002624/0/0/0/0	0.0019968/0/0/0/0	0/0/0/0/0	0/0/0/0/0	0/0/0/0/0	1.28e-05/0/0/0/0	4.952e-05/0/0/0/0	0/0/0/0/0	0/0/0/0/0	0/0/0/0/0	0/0/0/0/0	
	Port: 3 (contain 24 entries)
		0/0/0/0/0	0/0/0/0/0	0/0/0/0/0	0/0/0/0/0	1.696e-05/0/0/0/0	0/0/0/0/0	0/0/0/0/0	0/0/0/0/0	0/0/0/0/0	0/0/0/0/0	0/0/0/0/0	0/0/0/0/0	0/0/0/0/0	0/0/0/0/0	0/0/0/0/0	0/0/0/0/0	0/0/0/0/0	0/0/0/0/0	0/0/0/0/0	0/0/0/0/0	0/0/0/0/0	0/0/0/0/0	0/0/0/0/0	0/0/0/0/0	
	Port: 4 (contain 24 entries)
		0/0/0/0/0	0/0/0/0/0	0/0/0/0/0	0/0/0/0/0	0/0/0/0/0	1.28e-05/0/0/0/0	0.0113984/0/0/0/0	0.0263661/0/0/0/0	0.0351021/0/0/0/0	0.0351146/0/0/0/0	0.0300019/0/0/0/0	0/0/0/0/0	0/0/0/0/0	4.2e-05/0/0/0/0	0/0/0/0/0	1.696e-05/0/0/0/0	0/0/0/0/0	0/0/0/0/0	0/0/0/0/0	0.00010736/0/0/0/0	0/0/0/0/0	0/0/0/0/0	0/0/0/0/0	0/0/0/0/0	
	Port: 5 (contain 24 entries)
		0/0/0/0/0	1.28e-05/0/0/0/0	0/0/0/0/0	0/0/0/0/0	0/0/0/0/0	0/0/0/0/0	0/0/0/0/0	0/0/0/0/0	0/0/0/0/0	0/0/0/0/0	2.56e-05/0/0/0/0	0/0/0/0/0	1.28e-05/0/0/0/0	0/0/0/0/0	0.00605312/0/0/0/0	0.00042432/0/0/0/0	0/0/0/0/0	0/0/0/0/0	0/0/0/0/0	0/0/0/0/0	0/0/0/0/0	0/0/0/0/0	0/0/0/0/0	0/0/0/0/0	
	Port: 6 (contain 24 entries)
		0/0/0/0/0	0/0/0/0/0	0/0/0/0/0	0/0/0/0/0	0/0/0/0/0	0/0/0/0/0	0/0/0/0/0	0/0/0/0/0	0/0/0/0/0	0/0/0/0/0	0/0/0/0/0	0/0/0/0/0	0/0/0/0/0	0/0/0/0/0	0/0/0/0/0	0/0/0/0/0	1.28e-05/0/0/0/0	0/0/0/0/0	0/0/0/0/0	0/0/0/0/0	0/0/0/0/0	0/0/0/0/0	0/0/0/0/0	0/0/0/0/0	
	Port: 7 (contain 24 entries)
		0/0/0/0/0	0/0/0/0/0	0/0/0/0/0	0/0/0/0/0	0.0160952/0/0/0/0	0/0/0/0/0	0/0/0/0/0	0/0/0/0/0	0/0/0/0/0	0/0/0/0/0	0/0/0/0/0	0/0/0/0/0	0/0/0/0/0	0/0/0/0/0	0/0/0/0/0	9.008e-05/0/0/0/0	0/0/0/0/0	0/0/0/0/0	0/0/0/0/0	0/0/0/0/0	1.28e-05/0/0/0/0	0/0/0/0/0	0/0/0/0/0	0/0/0/0/0	
	Port: 8 (contain 24 entries)
		0/0/0/0/0	0/0/0/0/0	0/0/0/0/0	0/0/0/0/0	0/0/0/0/0	0/0/0/0/0	0/0/0/0/0	0.00382416/0/0/0/0	0/0/0/0/0	0/0/0/0/0	1.28e-05/0/0/0/0	0/0/0/0/0	0/0/0/0/0	2.976e-05/0/0/0/0	0/0/0/0/0	0/0/0/0/0	0/0/0/0/0	4.504e-05/0/0/0/0	0/0/0/0/0	0/0/0/0/0	0/0/0/0/0	0/0/0/0/0	0/0/0/0/0	0/0/0/0/0	

Spine 7: (contain: 8 ports)
	Port: 1 (contain 24 entries)
		0/0/0/0/0	0/0/0/0/0	0/0/0/0/0	0/0/0/0/0	2.048e-05/0/0/0/0	0/0/0/0/0	0/0/0/0/0	0/0/0/0/0	0/0/0/0/0	0/0/0/0/0	0/0/0/0/0	0/0/0/0/0	0/0/0/0/0	0/0/0/0/0	1.28e-05/0/0/0/0	0.00073248/0/0/0/0	0/0/0/0/0	0/0/0/0/0	0/0/0/0/0	0/0/0/0/0	0/0/0/0/0	0/0/0/0/0	0/0/0/0/0	0/0/0/0/0	
	Port: 2 (contain 24 entries)
		0/0/0/0/0	0/0/0/0/0	0/0/0/0/0	0/0/0/0/0	0/0/0/0/0	0/0/0/0/0	0.00039736/0/0/0/0	0/0/0/0/0	0/0/0/0/0	0/0/0/0/0	2.384e-05/0/0/0/0	0/0/0/0/0	0/0/0/0/0	1.28e-05/0/0/0/0	0/0/0/0/0	0/0/0/0/0	0/0/0/0/0	0/0/0/0/0	0/0/0/0/0	0/0/0/0/0	0/0/0/0/0	0/0/0/0/0	0.00082816/0/0/0/0	0.00846176/0/0/0/0	
	Port: 3 (contain 24 entries)
		0/0/0/0/0	1.28e-05/0/0/0/0	0/0/0/0/0	0/0/0/0/0	0.00425248/0/0/0/0	0/0/0/0/0	6.064e-05/0/0/0/0	0/0/0/0/0	0/0/0/0/0	0/0/0/0/0	0/0/0/0/0	0/0/0/0/0	0/0/0/0/0	0/0/0/0/0	0/0/0/0/0	0/0/0/0/0	0.00011032/0/0/0/0	1.28e-05/0/0/0/0	0/0/0/0/0	0.116504/0/0/0/0	0/0/0/0/0	0/0/0/0/0	0/0/0/0/0	0/0/0/0/0	
	Port: 4 (contain 24 entries)
		0/0/0/0/0	1.28e-05/0/0/0/0	0.00010232/0/0/0/0	0/0/0/0/0	0/0/0/0/0	0/0/0/0/0	0/0/0/0/0	0/0/0/0/0	0/0/0/0/0	9.928e-05/0/0/0/0	7.648e-05/0/0/0/0	0/0/0/0/0	0/0/0/0/0	0/0/0/0/0	2.112e-05/0/0/0/0	0/0/0/0/0	0/0/0/0/0	1.28e-05/0/0/0/0	0/0/0/0/0	0/0/0/0/0	0/0/0/0/0	0/0/0/0/0	1.28e-05/0/0/0/0	0/0/0/0/0	
	Port: 5 (contain 24 entries)
		0.00569536/0/0/0/0	2.944e-05/0/0/0/0	0/0/0/0/0	0.00375208/0/0/0/0	0.00104032/0/0/0/0	0.00027712/0/0/0/0	0/0/0/0/0	0.00072256/0/0/0/0	0.289992/0/0/0/0	1.696e-05/0/0/0/0	0/0/0/0/0	3.168e-05/0/0/0/0	0/0/0/0/0	0/0/0/0/0	0/0/0/0/0	1.696e-05/0/0/0/0	0/0/0/0/0	1.28e-05/0/0/0/0	3.568e-05/0/0/0/0	0.00062608/0/0/0/0	0/0/0/0/0	0/0/0/0/0	0/0/0/0/0	0/0/0/0/0	
	Port: 6 (contain 24 entries)
		0.00034144/0/0/0/0	2.224e-05/0/0/0/0	0/0/0/0/0	0/0/0/0/0	0/0/0/0/0	0/0/0/0/0	0/0/0/0/0	1.28e-05/0/0/0/0	0/0/0/0/0	0/0/0/0/0	0/0/0/0/0	0/0/0/0/0	0/0/0/0/0	0/0/0/0/0	5.496e-05/0/0/0/0	0/0/0/0/0	0/0/0/0/0	2.944e-05/0/0/0/0	0.00028704/0/0/0/0	0/0/0/0/0	0/0/0/0/0	0/0/0/0/0	1.28e-05/0/0/0/0	1.888e-05/0/0/0/0	
	Port: 7 (contain 24 entries)
		0.00919424/0/0/0/0	0/0/0/0/0	0/0/0/0/0	7.248e-05/0/0/0/0	0/0/0/0/0	0/0/0/0/0	8.92e-05/0/0/0/0	0/0/0/0/0	0/0/0/0/0	0/0/0/0/0	0/0/0/0/0	0/0/0/0/0	0/0/0/0/0	0/0/0/0/0	0/0/0/0/0	2.112e-05/0/0/0/0	1.28e-05/0/0/0/0	0/0/0/0/0	0/0/0/0/0	0.00418112/0/0/0/0	0.0649823/0/0/0/0	0/0/0/0/0	0/0/0/0/0	0/0/0/0/0	
	Port: 8 (contain 24 entries)
		0/0/0/0/0	0/0/0/0/0	0.0541726/0/0/0/0	0.00069376/0/0/0/0	0/0/0/0/0	2.112e-05/0/0/0/0	0/0/0/0/0	0/0/0/0/0	0/0/0/0/0	0/0/0/0/0	0/0/0/0/0	2.112e-05/0/0/0/0	0/0/0/0/0	0/0/0/0/0	0.00037776/0/0/0/0	0/0/0/0/0	3.992e-05/0/0/0/0	0/0/0/0/0	0/0/0/0/0	1.28e-05/0/0/0/0	0/0/0/0/0	0/0/0/0/0	0.388448/0/0/0/0	0.936133/0/0/0/0	

Leaf 0: (contain: 12 ports)
	Port: 1 (contain 24 entries)
		3.184e-05/0/0/0/0	0/0/0/0/0	0.00195136/0/0/0/0	0.0970614/0/0/0/0	0.0255315/0/0/0/0	0/0/0/0/0	0/0/0/0/0	0/0/0/0/0	0/0/0/0/0	0/0/0/0/0	0/0/0/0/0	0/0/0/0/0	0/0/0/0/0	0/0/0/0/0	9.872e-05/0/0/0/0	0/0/0/0/0	0/0/0/0/0	0/0/0/0/0	0/0/0/0/0	1.28e-05/0/0/0/0	0/0/0/0/0	0/0/0/0/0	0.00028176/0/0/0/0	4.16e-06/0/0/0/0	
	Port: 2 (contain 24 entries)
		0/0/0/0/0	0/0/0/0/0	3.264e-05/0/0/0/0	3.392e-05/0/0/0/0	2.048e-05/0/0/0/0	0/0/0/0/0	0/0/0/0/0	1.28e-05/0/0/0/0	0/0/0/0/0	0/0/0/0/0	0/0/0/0/0	0/0/0/0/0	0/0/0/0/0	0/0/0/0/0	0/0/0/0/0	0/0/0/0/0	0/0/0/0/0	0/0/0/0/0	0/0/0/0/0	0/0/0/0/0	0/0/0/0/0	0/0/0/0/0	0/0/0/0/0	2.944e-05/0/0/0/0	
	Port: 3 (contain 24 entries)
		0.158741/0/0/0/0	0/0/0/0/0	0/0/0/0/0	1.696e-05/0/0/0/0	0/0/0/0/0	0/0/0/0/0	0/0/0/0/0	0/0/0/0/0	0/0/0/0/0	1.28e-05/0/0/0/0	0/0/0/0/0	0/0/0/0/0	0/0/0/0/0	0/0/0/0/0	0/0/0/0/0	0.0003/0/0/0/0	0/0/0/0/0	0/0/0/0/0	3.256e-05/0/0/0/0	0/0/0/0/0	0/0/0/0/0	2.424e-05/0/0/0/0	0/0/0/0/0	0.00027/0/0/0/0	
	Port: 4 (contain 24 entries)
		0.000426/0/0/0/0	0/0/0/0/0	0/0/0/0/0	0/0/0/0/0	0/0/0/0/0	0/0/0/0/0	0/0/0/0/0	0/0/0/0/0	0/0/0/0/0	0/0/0/0/0	0/0/0/0/0	0/0/0/0/0	0/0/0/0/0	0/0/0/0/0	1.28e-05/0/0/0/0	0.00073248/0/0/0/0	0/0/0/0/0	0/0/0/0/0	0/0/0/0/0	0/0/0/0/0	0/0/0/0/0	0/0/0/0/0	0/0/0/0/0	0/0/0/0/0	
	Port: 5 (contain 24 entries)
		0/0/0/0/0	0/0/0/0/0	1.28e-05/0/0/0/0	0.00015936/0/0/0/0	0/0/0/0/0	0/0/0/0/0	0/0/0/0/0	0/0/0/0/0	0/0/0/0/0	0/0/0/0/0	0/0/0/0/0	0/0/0/0/0	0/0/0/0/0	0/0/0/0/0	0/0/0/0/0	0.0201775/0/0/0/0	0/0/0/0/0	0/0/0/0/0	0/0/0/0/0	0/0/0/0/0	0/0/0/0/0	0/0/0/0/0	2.112e-05/0/0/0/0	2.112e-05/0/0/0/0	
	Port: 6 (contain 24 entries)
		0/0/0/0/0	0/0/0/0/0	0/0/0/0/0	0/0/0/0/0	0/0/0/0/0	0/0/0/0/0	0/0/0/0/0	0/0/0/0/0	0/0/0/0/0	0/0/0/0/0	0/0/0/0/0	0/0/0/0/0	0/0/0/0/0	0/0/0/0/0	0/0/0/0/0	0/0/0/0/0	0/0/0/0/0	0/0/0/0/0	0/0/0/0/0	0/0/0/0/0	0/0/0/0/0	0/0/0/0/0	0/0/0/0/0	0/0/0/0/0	
	Port: 7 (contain 24 entries)
		0/0/0/0/0	0/0/0/0/0	0/0/0/0/0	0.00029968/0/0/0/0	0/0/0/0/0	0/0/0/0/0	0/0/0/0/0	0/0/0/0/0	0/0/0/0/0	0/0/0/0/0	0/0/0/0/0	0/0/0/0/0	0/0/0/0/0	0/0/0/0/0	0/0/0/0/0	0/0/0/0/0	0/0/0/0/0	0/0/0/0/0	1.28e-05/0/0/0/0	0/0/0/0/0	0/0/0/0/0	1.28e-05/0/0/0/0	0/0/0/0/0	0/0/0/0/0	
	Port: 8 (contain 24 entries)
		3.808e-05/0/0/0/0	0/0/0/0/0	0/0/0/0/0	0.00025776/0/0/0/0	0/0/0/0/0	0/0/0/0/0	0/0/0/0/0	0.00010312/0/0/0/0	0/0/0/0/0	0/0/0/0/0	0/0/0/0/0	0/0/0/0/0	0/0/0/0/0	0/0/0/0/0	0/0/0/0/0	0.0028372/0/0/0/0	0/0/0/0/0	0/0/0/0/0	0/0/0/0/0	0/0/0/0/0	0/0/0/0/0	0/0/0/0/0	0/0/0/0/0	0/0/0/0/0	
	Port: 9 (contain 24 entries)
		0/0/0/0/0	0/0/0/0/0	0/0/0/0/0	0/0/0/0/0	0/0/0/0/0	0/0/0/0/0	0/0/0/0/0	0/0/0/0/0	0/0/0/0/0	3.208e-05/0/0/0/0	0/0/0/0/0	0/0/0/0/0	0/0/0/0/0	0/0/0/0/0	0/0/0/0/0	0/0/0/0/0	0/0/0/0/0	0/0/0/0/0	0/0/0/0/0	5.784e-05/0/0/0/0	0/0/0/0/0	0/0/0/0/0	0/0/0/0/0	0/0/0/0/0	
	Port: 10 (contain 24 entries)
		0/0/0/0/0	0/0/0/0/0	0/0/0/0/0	0/0/0/0/0	0/0/0/0/0	0/0/0/0/0	0/0/0/0/0	0/0/0/0/0	0/0/0/0/0	0/0/0/0/0	0/0/0/0/0	0/0/0/0/0	0/0/0/0/0	0/0/0/0/0	0/0/0/0/0	0/0/0/0/0	0/0/0/0/0	0/0/0/0/0	0/0/0/0/0	0/0/0/0/0	0/0/0/0/0	0/0/0/0/0	0/0/0/0/0	0.0005596/0/0/0/0	
	Port: 11 (contain 24 entries)
		0/0/0/0/0	0/0/0/0/0	0/0/0/0/0	0/0/0/0/0	0/0/0/0/0	0/0/0/0/0	0/0/0/0/0	0/0/0/0/0	0/0/0/0/0	0/0/0/0/0	0/0/0/0/0	0/0/0/0/0	0/0/0/0/0	0/0/0/0/0	0/0/0/0/0	1.696e-05/0/0/0/0	0/0/0/0/0	0/0/0/0/0	0/0/0/0/0	0/0/0/0/0	0/0/0/0/0	0/0/0/0/0	0/0/0/0/0	0/0/0/0/0	
	Port: 12 (contain 24 entries)
		0.00569536/0/0/0/0	0/0/0/0/0	0.0541726/0/0/0/0	0.00374944/0/0/0/0	0.00100704/0/0/0/0	0/0/0/0/0	0/0/0/0/0	0/0/0/0/0	0/0/0/0/0	0/0/0/0/0	0/0/0/0/0	0/0/0/0/0	0/0/0/0/0	0/0/0/0/0	4.544e-05/0/0/0/0	0/0/0/0/0	0/0/0/0/0	0/0/0/0/0	0/0/0/0/0	0/0/0/0/0	0/0/0/0/0	0/0/0/0/0	0/0/0/0/0	0/0/0/0/0	

Leaf 1: (contain: 12 ports)
	Port: 1 (contain 24 entries)
		1.696e-05/0/0/0/0	0/0/0/0/0	0/0/0/0/0	0/0/0/0/0	0/0/0/0/0	0/0/0/0/0	0.00039736/0/0/0/0	0.12803/0/0/0/0	0.644688/0/0/0/0	0.998744/0/0/0/0	0.99899/2/2908/0/0	0.99886/2/2908/0/0	0.998744/2/2908/0/0	0.998744/1/1454/0/0	0.998628/0/0/0/0	0.141263/0/0/0/0	0/0/0/0/0	0/0/0/0/0	1.28e-05/0/0/0/0	4.952e-05/0/0/0/0	0/0/0/0/0	0/0/0/0/0	0/0/0/0/0	0.00847456/0/0/0/0	
	Port: 2 (contain 24 entries)
		0/0/0/0/0	0/0/0/0/0	0/0/0/0/0	0/0/0/0/0	0/0/0/0/0	0/0/0/0/0	0/0/0/0/0	1.28e-05/0/0/0/0	0/0/0/0/0	0/0/0/0/0	2.384e-05/0/0/0/0	0/0/0/0/0	0/0/0/0/0	0/0/0/0/0	0/0/0/0/0	2.944e-05/0/0/0/0	0/0/0/0/0	0/0/0/0/0	0.0002524/0/0/0/0	0/0/0/0/0	0/0/0/0/0	0/0/0/0/0	0.0203885/0/0/0/0	0.0229715/0/0/0/0	
	Port: 3 (contain 24 entries)
		0/0/0/0/0	0/0/0/0/0	0.018737/0/0/0/0	0.033072/0/0/0/0	0.0358078/0/0/0/0	0.0360128/0/0/0/0	0.352923/0/0/0/0	0.798632/305/278270/0/0	1.01696/500/512800/0/0	0.978518/315/255010/0/0	0.844527/0/0/0/0	0.0344739/0/0/0/0	0.0345318/0/0/0/0	0.0341994/0/0/0/0	0.0256298/0/0/0/0	0.034865/0/0/0/0	0.0357677/0/0/0/0	0.0357718/0/0/0/0	0.0357677/0/0/0/0	0.0357677/0/0/0/0	0.0357101/0/0/0/0	0.0357677/0/0/0/0	0.0154838/0/0/0/0	0.0107453/0/0/0/0	
	Port: 4 (contain 24 entries)
		0/0/0/0/0	1.28e-05/0/0/0/0	0/0/0/0/0	7.768e-05/0/0/0/0	0/0/0/0/0	0/0/0/0/0	0/0/0/0/0	0/0/0/0/0	1.28e-05/0/0/0/0	0/0/0/0/0	0/0/0/0/0	0/0/0/0/0	0/0/0/0/0	0.0002752/0/0/0/0	0.0019968/0/0/0/0	1.28e-05/0/0/0/0	0/0/0/0/0	0/0/0/0/0	0/0/0/0/0	0/0/0/0/0	0/0/0/0/0	0/0/0/0/0	0/0/0/0/0	0/0/0/0/0	
	Port: 5 (contain 24 entries)
		0.00023/0/0/0/0	0/0/0/0/0	0.529582/0/0/0/0	0.962618/0/0/0/0	0.998756/0/0/0/0	0.998744/0/0/0/0	0.970865/0/0/0/0	0.850387/0/0/0/0	0.529687/0/0/0/0	0.529452/1/54/0/0	0.871647/84/63336/0/0	1.01605/398/294492/0/0	1.00094/452/335208/0/0	1.00792/595/464730/0/0	0.786236/0/0/0/0	0.980448/0/0/0/0	0.99886/0/0/0/0	0.998744/0/0/0/0	0.998873/1/1454/0/0	0.998756/0/0/0/0	0.99866/0/0/0/0	0.99886/0/0/0/0	1.0495/163/237002/0/0	0.976209/230/334420/0/0	
	Port: 6 (contain 24 entries)
		0/0/0/0/0	2.144e-05/0/0/0/0	0/0/0/0/0	1.28e-05/0/0/0/0	0/0/0/0/0	0/0/0/0/0	0/0/0/0/0	0/0/0/0/0	0/0/0/0/0	0/0/0/0/0	1.696e-05/0/0/0/0	0/0/0/0/0	0/0/0/0/0	3.16e-05/0/0/0/0	0/0/0/0/0	0/0/0/0/0	0/0/0/0/0	0/0/0/0/0	0/0/0/0/0	0/0/0/0/0	0/0/0/0/0	0/0/0/0/0	0/0/0/0/0	0.236859/0/0/0/0	
	Port: 7 (contain 24 entries)
		0/0/0/0/0	0/0/0/0/0	0/0/0/0/0	0/0/0/0/0	0/0/0/0/0	0/0/0/0/0	0/0/0/0/0	0/0/0/0/0	5.304e-05/0/0/0/0	0/0/0/0/0	0/0/0/0/0	0/0/0/0/0	0/0/0/0/0	0/0/0/0/0	0/0/0/0/0	0/0/0/0/0	0/0/0/0/0	0/0/0/0/0	0/0/0/0/0	0/0/0/0/0	0/0/0/0/0	0/0/0/0/0	0/0/0/0/0	0/0/0/0/0	
	Port: 8 (contain 24 entries)
		0/0/0/0/0	0/0/0/0/0	0/0/0/0/0	0/0/0/0/0	0/0/0/0/0	0/0/0/0/0	2.528e-05/0/0/0/0	0/0/0/0/0	0/0/0/0/0	1.28e-05/0/0/0/0	0.00011928/0/0/0/0	0/0/0/0/0	0/0/0/0/0	0/0/0/0/0	0/0/0/0/0	0.00050944/0/0/0/0	0/0/0/0/0	0/0/0/0/0	0/0/0/0/0	0/0/0/0/0	0/0/0/0/0	0/0/0/0/0	0/0/0/0/0	0/0/0/0/0	
	Port: 9 (contain 24 entries)
		0/0/0/0/0	0/0/0/0/0	0/0/0/0/0	0/0/0/0/0	0/0/0/0/0	0/0/0/0/0	0/0/0/0/0	0.00011512/0/0/0/0	0/0/0/0/0	0/0/0/0/0	0/0/0/0/0	0/0/0/0/0	0/0/0/0/0	0/0/0/0/0	0/0/0/0/0	0/0/0/0/0	0/0/0/0/0	0/0/0/0/0	1.696e-05/0/0/0/0	0/0/0/0/0	0.00010088/0/0/0/0	0/0/0/0/0	0/0/0/0/0	0/0/0/0/0	
	Port: 10 (contain 24 entries)
		0/0/0/0/0	0/0/0/0/0	0/0/0/0/0	0/0/0/0/0	0/0/0/0/0	0/0/0/0/0	0/0/0/0/0	9.768e-05/0/0/0/0	0/0/0/0/0	0/0/0/0/0	0/0/0/0/0	0/0/0/0/0	0/0/0/0/0	0/0/0/0/0	0/0/0/0/0	0/0/0/0/0	0/0/0/0/0	0/0/0/0/0	3.328e-05/0/0/0/0	0/0/0/0/0	0/0/0/0/0	0/0/0/0/0	0/0/0/0/0	0/0/0/0/0	
	Port: 11 (contain 24 entries)
		0/0/0/0/0	0/0/0/0/0	0/0/0/0/0	0/0/0/0/0	0/0/0/0/0	1.28e-05/0/0/0/0	0.0114026/0/0/0/0	0.0263952/0/0/0/0	0.0351021/0/0/0/0	0.0351146/0/0/0/0	0.0299942/0/0/0/0	0/0/0/0/0	1.28e-05/0/0/0/0	0/0/0/0/0	0/0/0/0/0	0/0/0/0/0	0/0/0/0/0	0/0/0/0/0	0/0/0/0/0	0/0/0/0/0	0/0/0/0/0	0/0/0/0/0	0/0/0/0/0	0/0/0/0/0	
	Port: 12 (contain 24 entries)
		0/0/0/0/0	0/0/0/0/0	0/0/0/0/0	0/0/0/0/0	0/0/0/0/0	0/0/0/0/0	0/0/0/0/0	1.28e-05/0/0/0/0	0/0/0/0/0	1.696e-05/0/0/0/0	0/0/0/0/0	0/0/0/0/0	0/0/0/0/0	0/0/0/0/0	0/0/0/0/0	0/0/0/0/0	0/0/0/0/0	0/0/0/0/0	0/0/0/0/0	0/0/0/0/0	0/0/0/0/0	0/0/0/0/0	0/0/0/0/0	1.888e-05/0/0/0/0	

Leaf 2: (contain: 12 ports)
	Port: 1 (contain 24 entries)
		0/0/0/0/0	1.28e-05/0/0/0/0	0/0/0/0/0	0/0/0/0/0	0.00425248/0/0/0/0	0/0/0/0/0	6.064e-05/0/0/0/0	0.00455416/0/0/0/0	0.0216029/0/0/0/0	0.0357677/0/0/0/0	0.0355888/0/0/0/0	0.0351062/0/0/0/0	0.0356512/0/0/0/0	0.0355475/0/0/0/0	0.0367248/0/0/0/0	0.00534952/0/0/0/0	0/0/0/0/0	0/0/0/0/0	0/0/0/0/0	0/0/0/0/0	0/0/0/0/0	0/0/0/0/0	5.44e-05/0/0/0/0	2.112e-05/0/0/0/0	
	Port: 2 (contain 24 entries)
		0/0/0/0/0	0.00020864/0/0/0/0	0/0/0/0/0	0/0/0/0/0	0.00058688/0/0/0/0	0/0/0/0/0	0/0/0/0/0	0/0/0/0/0	0/0/0/0/0	0/0/0/0/0	0/0/0/0/0	0.00030824/0/0/0/0	0/0/0/0/0	0.0002316/0/0/0/0	0/0/0/0/0	0/0/0/0/0	9.752e-05/0/0/0/0	0/0/0/0/0	0/0/0/0/0	0/0/0/0/0	0.00010088/0/0/0/0	0.0110077/0/0/0/0	2.128e-05/0/0/0/0	0/0/0/0/0	
	Port: 3 (contain 24 entries)
		0/0/0/0/0	0/0/0/0/0	1.28e-05/0/0/0/0	0/0/0/0/0	0/0/0/0/0	0/0/0/0/0	0/0/0/0/0	4.376e-05/0/0/0/0	0/0/0/0/0	0/0/0/0/0	0/0/0/0/0	0/0/0/0/0	0/0/0/0/0	0/0/0/0/0	0/0/0/0/0	0/0/0/0/0	1.28e-05/0/0/0/0	0/0/0/0/0	0.00024752/0/0/0/0	2.528e-05/0/0/0/0	6.752e-05/0/0/0/0	0/0/0/0/0	0/0/0/0/0	0/0/0/0/0	
	Port: 4 (contain 24 entries)
		2.528e-05/0/0/0/0	3.248e-05/0/0/0/0	1.28e-05/0/0/0/0	0/0/0/0/0	1.696e-05/0/0/0/0	0/0/0/0/0	0/0/0/0/0	0/0/0/0/0	0/0/0/0/0	0/0/0/0/0	0/0/0/0/0	0/0/0/0/0	0/0/0/0/0	0/0/0/0/0	0/0/0/0/0	1.28e-05/0/0/0/0	0/0/0/0/0	1.28e-05/0/0/0/0	0/0/0/0/0	0.116562/0/0/0/0	0/0/0/0/0	0/0/0/0/0	2.112e-05/0/0/0/0	0/0/0/0/0	
	Port: 5 (contain 24 entries)
		0.000426/0/0/0/0	0/0/0/0/0	0/0/0/0/0	0/0/0/0/0	0.00016256/0/0/0/0	0/0/0/0/0	0/0/0/0/0	0/0/0/0/0	0/0/0/0/0	0/0/0/0/0	0/0/0/0/0	0/0/0/0/0	0/0/0/0/0	0.0002544/0/0/0/0	0.00020208/0/0/0/0	0.00011384/0/0/0/0	4.616e-05/0/0/0/0	0/0/0/0/0	1.696e-05/0/0/0/0	1.28e-05/0/0/0/0	0/0/0/0/0	0/0/0/0/0	0/0/0/0/0	0/0/0/0/0	
	Port: 6 (contain 24 entries)
		0/0/0/0/0	0.00515688/0/0/0/0	0/0/0/0/0	0/0/0/0/0	0/0/0/0/0	0/0/0/0/0	0/0/0/0/0	0/0/0/0/0	0/0/0/0/0	0/0/0/0/0	0/0/0/0/0	0/0/0/0/0	0/0/0/0/0	0/0/0/0/0	0/0/0/0/0	0/0/0/0/0	0/0/0/0/0	0/0/0/0/0	1.28e-05/0/0/0/0	0/0/0/0/0	1.28e-05/0/0/0/0	0.307184/0/0/0/0	0/0/0/0/0	0/0/0/0/0	
	Port: 7 (contain 24 entries)
		0/0/0/0/0	0/0/0/0/0	0/0/0/0/0	0/0/0/0/0	0/0/0/0/0	0/0/0/0/0	1.28e-05/0/0/0/0	0.130237/0/0/0/0	0.644688/0/0/0/0	0.998744/0/0/0/0	0.99886/0/0/0/0	0.998744/0/0/0/0	0.99886/0/0/0/0	0.998628/0/0/0/0	0.998628/0/0/0/0	0.139056/0/0/0/0	0/0/0/0/0	0/0/0/0/0	0/0/0/0/0	0/0/0/0/0	0/0/0/0/0	0/0/0/0/0	0/0/0/0/0	0/0/0/0/0	
	Port: 8 (contain 24 entries)
		0/0/0/0/0	0/0/0/0/0	3.264e-05/0/0/0/0	0/0/0/0/0	0.00022448/0/0/0/0	0/0/0/0/0	0/0/0/0/0	0/0/0/0/0	0/0/0/0/0	0/0/0/0/0	0/0/0/0/0	0/0/0/0/0	0/0/0/0/0	0/0/0/0/0	0/0/0/0/0	0/0/0/0/0	0/0/0/0/0	0/0/0/0/0	0/0/0/0/0	0/0/0/0/0	0/0/0/0/0	0/0/0/0/0	1.28e-05/0/0/0/0	0.00027/0/0/0/0	
	Port: 9 (contain 24 entries)
		0/0/0/0/0	0/0/0/0/0	0/0/0/0/0	0/0/0/0/0	0/0/0/0/0	0/0/0/0/0	0/0/0/0/0	1.28e-05/0/0/0/0	0/0/0/0/0	0/0/0/0/0	0/0/0/0/0	0/0/0/0/0	0/0/0/0/0	0/0/0/0/0	0/0/0/0/0	0/0/0/0/0	0/0/0/0/0	0/0/0/0/0	0/0/0/0/0	0.0003936/0/0/0/0	0/0/0/0/0	0/0/0/0/0	0/0/0/0/0	0/0/0/0/0	
	Port: 10 (contain 24 entries)
		0/0/0/0/0	7.656e-05/0/0/0/0	0/0/0/0/0	0/0/0/0/0	0/0/0/0/0	0/0/0/0/0	0/0/0/0/0	0/0/0/0/0	0/0/0/0/0	0/0/0/0/0	0/0/0/0/0	0/0/0/0/0	0/0/0/0/0	0.0001044/0/0/0/0	0/0/0/0/0	0/0/0/0/0	0/0/0/0/0	0/0/0/0/0	0/0/0/0/0	0/0/0/0/0	0/0/0/0/0	0/0/0/0/0	0/0/0/0/0	0/0/0/0/0	
	Port: 11 (contain 24 entries)
		0/0/0/0/0	1.28e-05/0/0/0/0	0/0/0/0/0	0/0/0/0/0	0.0160952/0/0/0/0	0/0/0/0/0	0/0/0/0/0	0/0/0/0/0	0/0/0/0/0	0/0/0/0/0	0/0/0/0/0	0/0/0/0/0	0/0/0/0/0	1.696e-05/0/0/0/0	0/0/0/0/0	0/0/0/0/0	0/0/0/0/0	3.224e-05/0/0/0/0	0/0/0/0/0	0/0/0/0/0	1.28e-05/0/0/0/0	0/0/0/0/0	0.00028592/0/0/0/0	0/0/0/0/0	
	Port: 12 (contain 24 entries)
		0/0/0/0/0	2.224e-05/0/0/0/0	0.00010232/0/0/0/0	0/0/0/0/0	0/0/0/0/0	0/0/0/0/0	0/0/0/0/0	0/0/0/0/0	0/0/0/0/0	0/0/0/0/0	0/0/0/0/0	2.112e-05/0/0/0/0	0/0/0/0/0	0/0/0/0/0	0/0/0/0/0	0/0/0/0/0	0/0/0/0/0	0/0/0/0/0	0/0/0/0/0	0.00418112/0/0/0/0	0/0/0/0/0	0/0/0/0/0	1.28e-05/0/0/0/0	0/0/0/0/0	

Leaf 3: (contain: 12 ports)
	Port: 1 (contain 24 entries)
		0.00048744/0/0/0/0	7.656e-05/0/0/0/0	0/0/0/0/0	1.28e-05/0/0/0/0	0/0/0/0/0	1.28e-05/0/0/0/0	0.0113984/0/0/0/0	0.0263286/0/0/0/0	0.0351021/0/0/0/0	0.0351146/0/0/0/0	0.0301586/0/0/0/0	0/0/0/0/0	0/0/0/0/0	0.0002544/0/0/0/0	0/0/0/0/0	0/0/0/0/0	0/0/0/0/0	0/0/0/0/0	0/0/0/0/0	0/0/0/0/0	0/0/0/0/0	0/0/0/0/0	0.0137907/0/0/0/0	0.032217/0/0/0/0	
	Port: 2 (contain 24 entries)
		0/0/0/0/0	0/0/0/0/0	0.00010232/0/0/0/0	0/0/0/0/0	0/0/0/0/0	0/0/0/0/0	0/0/0/0/0	0.0004496/0/0/0/0	0/0/0/0/0	0/0/0/0/0	7.648e-05/0/0/0/0	0/0/0/0/0	0/0/0/0/0	0.0003088/0/0/0/0	0/0/0/0/0	2.976e-05/0/0/0/0	1.28e-05/0/0/0/0	1.28e-05/0/0/0/0	3.2e-05/0/0/0/0	0/0/0/0/0	0/0/0/0/0	0/0/0/0/0	0/0/0/0/0	0/0/0/0/0	
	Port: 3 (contain 24 entries)
		0/0/0/0/0	1.28e-05/0/0/0/0	0.527375/0/0/0/0	0.962502/0/0/0/0	0.999084/2/2908/0/0	0.998744/2/2908/0/0	0.972375/0/0/0/0	0.845783/0/0/0/0	0.508316/0/0/0/0	0.492734/0/0/0/0	0.83066/0/0/0/0	0.962618/0/0/0/0	0.961921/0/0/0/0	0.954951/0/0/0/0	0.72695/0/0/0/0	0.973666/0/0/0/0	0.998822/0/0/0/0	0.99886/1/1454/0/0	0.998744/0/0/0/0	0.998744/0/0/0/0	1.00108/21/30534/0/0	0.99886/21/30534/0/0	0.402623/0/0/0/0	0.319556/0/0/0/0	
	Port: 4 (contain 24 entries)
		0/0/0/0/0	0.00518216/0/0/0/0	0/0/0/0/0	0/0/0/0/0	0/0/0/0/0	0/0/0/0/0	0/0/0/0/0	0/0/0/0/0	0/0/0/0/0	0/0/0/0/0	0/0/0/0/0	0/0/0/0/0	0/0/0/0/0	0/0/0/0/0	9.784e-05/0/0/0/0	0/0/0/0/0	0/0/0/0/0	0/0/0/0/0	0/0/0/0/0	0.00051376/0/0/0/0	0/0/0/0/0	0/0/0/0/0	0/0/0/0/0	0/0/0/0/0	
	Port: 5 (contain 24 entries)
		0/0/0/0/0	9.04e-05/0/0/0/0	0/0/0/0/0	0/0/0/0/0	0/0/0/0/0	0/0/0/0/0	0/0/0/0/0	0/0/0/0/0	0/0/0/0/0	0/0/0/0/0	2.56e-05/0/0/0/0	0/0/0/0/0	0/0/0/0/0	0/0/0/0/0	0/0/0/0/0	0/0/0/0/0	0/0/0/0/0	0/0/0/0/0	0/0/0/0/0	0/0/0/0/0	0/0/0/0/0	0/0/0/0/0	0/0/0/0/0	0/0/0/0/0	
	Port: 6 (contain 24 entries)
		2.944e-05/0/0/0/0	0.00044544/0/0/0/0	0/0/0/0/0	9.144e-05/0/0/0/0	0/0/0/0/0	0/0/0/0/0	0/0/0/0/0	0/0/0/0/0	0/0/0/0/0	0/0/0/0/0	0/0/0/0/0	0/0/0/0/0	0/0/0/0/0	1.28e-05/0/0/0/0	0/0/0/0/0	0/0/0/0/0	0/0/0/0/0	0/0/0/0/0	0/0/0/0/0	0/0/0/0/0	0/0/0/0/0	0/0/0/0/0	0/0/0/0/0	0/0/0/0/0	
	Port: 7 (contain 24 entries)
		0/0/0/0/0	0/0/0/0/0	0/0/0/0/0	0/0/0/0/0	0/0/0/0/0	0/0/0/0/0	0/0/0/0/0	0.012325/0/0/0/0	0/0/0/0/0	0/0/0/0/0	0/0/0/0/0	0/0/0/0/0	0/0/0/0/0	0/0/0/0/0	0/0/0/0/0	0/0/0/0/0	0/0/0/0/0	0/0/0/0/0	0/0/0/0/0	0/0/0/0/0	0/0/0/0/0	0/0/0/0/0	0/0/0/0/0	0/0/0/0/0	
	Port: 8 (contain 24 entries)
		0/0/0/0/0	0/0/0/0/0	0/0/0/0/0	0/0/0/0/0	0/0/0/0/0	0.0007056/0/0/0/0	0.31793/0/0/0/0	0.770618/0/0/0/0	0.998744/0/0/0/0	0.958552/0/0/0/0	0.8148/0/0/0/0	0/0/0/0/0	0/0/0/0/0	2.112e-05/0/0/0/0	0/0/0/0/0	0.00018736/0/0/0/0	0/0/0/0/0	9.256e-05/0/0/0/0	0/0/0/0/0	2.528e-05/0/0/0/0	0/0/0/0/0	0/0/0/0/0	0/0/0/0/0	0/0/0/0/0	
	Port: 9 (contain 24 entries)
		0/0/0/0/0	0/0/0/0/0	0/0/0/0/0	0/0/0/0/0	0/0/0/0/0	0/0/0/0/0	0/0/0/0/0	0/0/0/0/0	0/0/0/0/0	1.28e-05/0/0/0/0	0/0/0/0/0	0/0/0/0/0	0/0/0/0/0	0/0/0/0/0	1.28e-05/0/0/0/0	3.312e-05/0/0/0/0	0/0/0/0/0	0/0/0/0/0	0/0/0/0/0	0/0/0/0/0	0/0/0/0/0	0/0/0/0/0	2.128e-05/0/0/0/0	0/0/0/0/0	
	Port: 10 (contain 24 entries)
		0/0/0/0/0	0.00019584/0/0/0/0	0.0188205/0/0/0/0	0.033072/0/0/0/0	0.0357635/0/0/0/0	0.0357677/0/0/0/0	0.0344573/0/0/0/0	0.0302307/0/0/0/0	0.0182166/0/0/0/0	0.0176218/0/0/0/0	0.0297357/0/0/0/0	0.0344698/0/0/0/0	0.0344531/0/0/0/0	0.0342163/0/0/0/0	0.0256339/0/0/0/0	0.0348691/0/0/0/0	0.0357635/0/0/0/0	0.0357718/0/0/0/0	0.0357805/0/0/0/0	0.0357718/0/0/0/0	0.0356803/0/0/0/0	0.0357718/0/0/0/0	0.0145808/0/0/0/0	0.0107622/0/0/0/0	
	Port: 11 (contain 24 entries)
		0/0/0/0/0	0/0/0/0/0	0/0/0/0/0	0/0/0/0/0	1.696e-05/0/0/0/0	0/0/0/0/0	0/0/0/0/0	0/0/0/0/0	0/0/0/0/0	0/0/0/0/0	0/0/0/0/0	0/0/0/0/0	0/0/0/0/0	0/0/0/0/0	0/0/0/0/0	9.008e-05/0/0/0/0	0/0/0/0/0	0/0/0/0/0	0/0/0/0/0	4.952e-05/0/0/0/0	0/0/0/0/0	0/0/0/0/0	0/0/0/0/0	0/0/0/0/0	
	Port: 12 (contain 24 entries)
		0/0/0/0/0	1.28e-05/0/0/0/0	0/0/0/0/0	0/0/0/0/0	0/0/0/0/0	0/0/0/0/0	0/0/0/0/0	1.696e-05/0/0/0/0	0/0/0/0/0	0/0/0/0/0	0/0/0/0/0	0/0/0/0/0	0/0/0/0/0	0/0/0/0/0	0.00033232/0/0/0/0	0/0/0/0/0	5.272e-05/0/0/0/0	0/0/0/0/0	0/0/0/0/0	1.28e-05/0/0/0/0	0.0649823/0/0/0/0	0/0/0/0/0	0.388796/0/0/0/0	0.936947/0/0/0/0	

Leaf 4: (contain: 12 ports)
	Port: 1 (contain 24 entries)
		0.00025944/0/0/0/0	4.224e-05/0/0/0/0	0/0/0/0/0	0.00338304/0/0/0/0	0.00107776/0/0/0/0	0.00027712/0/0/0/0	0/0/0/0/0	2.976e-05/0/0/0/0	0/0/0/0/0	0/0/0/0/0	1.28e-05/0/0/0/0	3.168e-05/0/0/0/0	0/0/0/0/0	0/0/0/0/0	0/0/0/0/0	0.0201775/0/0/0/0	0/0/0/0/0	0/0/0/0/0	3.568e-05/0/0/0/0	0.00062608/0/0/0/0	0/0/0/0/0	0.307184/0/0/0/0	1.28e-05/0/0/0/0	0/0/0/0/0	
	Port: 2 (contain 24 entries)
		0/0/0/0/0	0/0/0/0/0	0/0/0/0/0	0.00016208/0/0/0/0	0/0/0/0/0	0/0/0/0/0	0/0/0/0/0	0/0/0/0/0	0/0/0/0/0	1.696e-05/0/0/0/0	0.215408/0/0/0/0	0.0848402/0/0/0/0	0/0/0/0/0	0/0/0/0/0	0.00606592/0/0/0/0	0.00341264/0/0/0/0	0/0/0/0/0	0/0/0/0/0	0/0/0/0/0	0/0/0/0/0	3.28e-05/0/0/0/0	0.00017688/0/0/0/0	0.573258/0/0/0/0	0.648874/0/0/0/0	
	Port: 3 (contain 24 entries)
		0/0/0/0/0	0/0/0/0/0	0/0/0/0/0	0.00029968/0/0/0/0	1.28e-05/0/0/0/0	0/0/0/0/0	0/0/0/0/0	0.0007056/0/0/0/0	0.289992/0/0/0/0	0/0/0/0/0	2.56e-05/0/0/0/0	0/0/0/0/0	1.28e-05/0/0/0/0	0/0/0/0/0	0/0/0/0/0	0/0/0/0/0	0/0/0/0/0	0/0/0/0/0	0/0/0/0/0	0/0/0/0/0	0/0/0/0/0	0/0/0/0/0	0/0/0/0/0	0/0/0/0/0	
	Port: 4 (contain 24 entries)
		0.00569536/0/0/0/0	0/0/0/0/0	0/0/0/0/0	0.00027376/0/0/0/0	0/0/0/0/0	0/0/0/0/0	0/0/0/0/0	0/0/0/0/0	0/0/0/0/0	0/0/0/0/0	0/0/0/0/0	0/0/0/0/0	0/0/0/0/0	7.992e-05/0/0/0/0	0/0/0/0/0	0.00028128/0/0/0/0	0/0/0/0/0	1.28e-05/0/0/0/0	3.392e-05/0/0/0/0	0/0/0/0/0	0/0/0/0/0	0/0/0/0/0	0/0/0/0/0	0/0/0/0/0	
	Port: 5 (contain 24 entries)
		1.696e-05/0/0/0/0	0.0005916/0/0/0/0	0/0/0/0/0	0.100173/0/0/0/0	0.0232567/0/0/0/0	0/0/0/0/0	0/0/0/0/0	0.00021352/0/0/0/0	0.0104042/0/0/0/0	0.00013416/0/0/0/0	0.00780784/0/0/0/0	0.00303264/0/0/0/0	8.28e-05/0/0/0/0	0/0/0/0/0	0/0/0/0/0	2.56e-05/0/0/0/0	0/0/0/0/0	0/0/0/0/0	1.28e-05/0/0/0/0	3.36e-05/0/0/0/0	0/0/0/0/0	1.28e-05/0/0/0/0	0/0/0/0/0	0/0/0/0/0	
	Port: 6 (contain 24 entries)
		0/0/0/0/0	0/0/0/0/0	0/0/0/0/0	0/0/0/0/0	0/0/0/0/0	0/0/0/0/0	0/0/0/0/0	0/0/0/0/0	0/0/0/0/0	0/0/0/0/0	0/0/0/0/0	0/0/0/0/0	0/0/0/0/0	0/0/0/0/0	0.168884/0/0/0/0	0.0119474/0/0/0/0	0/0/0/0/0	9.864e-05/0/0/0/0	0/0/0/0/0	0/0/0/0/0	0/0/0/0/0	0/0/0/0/0	0.0204592/0/0/0/0	0.0232125/0/0/0/0	
	Port: 7 (contain 24 entries)
		0.158741/0/0/0/0	0/0/0/0/0	0/0/0/0/0	0/0/0/0/0	0/0/0/0/0	0/0/0/0/0	0/0/0/0/0	0/0/0/0/0	0/0/0/0/0	0/0/0/0/0	0/0/0/0/0	0/0/0/0/0	0/0/0/0/0	0/0/0/0/0	0/0/0/0/0	1.28e-05/0/0/0/0	0/0/0/0/0	0/0/0/0/0	0/0/0/0/0	0/0/0/0/0	0/0/0/0/0	0.0110077/0/0/0/0	0/0/0/0/0	0/0/0/0/0	
	Port: 8 (contain 24 entries)
		0/0/0/0/0	0/0/0/0/0	0/0/0/0/0	0/0/0/0/0	0/0/0/0/0	0/0/0/0/0	0/0/0/0/0	0/0/0/0/0	0/0/0/0/0	0/0/0/0/0	3.184e-05/0/0/0/0	1.28e-05/0/0/0/0	0/0/0/0/0	0/0/0/0/0	0/0/0/0/0	0/0/0/0/0	0/0/0/0/0	0/0/0/0/0	0/0/0/0/0	0/0/0/0/0	1.28e-05/0/0/0/0	0/0/0/0/0	0/0/0/0/0	0/0/0/0/0	
	Port: 9 (contain 24 entries)
		0.00048744/0/0/0/0	0/0/0/0/0	0/0/0/0/0	0/0/0/0/0	0/0/0/0/0	0/0/0/0/0	0/0/0/0/0	0/0/0/0/0	0/0/0/0/0	0/0/0/0/0	8.56e-05/0/0/0/0	0/0/0/0/0	0/0/0/0/0	0/0/0/0/0	9.784e-05/0/0/0/0	0/0/0/0/0	0/0/0/0/0	0/0/0/0/0	0.00022344/0/0/0/0	0/0/0/0/0	0/0/0/0/0	0/0/0/0/0	0/0/0/0/0	0/0/0/0/0	
	Port: 10 (contain 24 entries)
		0/0/0/0/0	0/0/0/0/0	0/0/0/0/0	9.248e-05/0/0/0/0	0/0/0/0/0	0/0/0/0/0	0/0/0/0/0	0/0/0/0/0	0/0/0/0/0	0/0/0/0/0	0/0/0/0/0	0/0/0/0/0	0/0/0/0/0	0/0/0/0/0	0/0/0/0/0	0.00015848/0/0/0/0	0/0/0/0/0	0/0/0/0/0	0.00015096/0/0/0/0	0/0/0/0/0	0/0/0/0/0	1.28e-05/0/0/0/0	5.44e-05/0/0/0/0	0/0/0/0/0	
	Port: 11 (contain 24 entries)
		0/0/0/0/0	0/0/0/0/0	0/0/0/0/0	2.112e-05/0/0/0/0	0/0/0/0/0	0/0/0/0/0	0/0/0/0/0	0/0/0/0/0	0/0/0/0/0	0/0/0/0/0	0/0/0/0/0	0/0/0/0/0	0/0/0/0/0	1.28e-05/0/0/0/0	0/0/0/0/0	0.00011264/0/0/0/0	0/0/0/0/0	0/0/0/0/0	0/0/0/0/0	0/0/0/0/0	0/0/0/0/0	0/0/0/0/0	0/0/0/0/0	0/0/0/0/0	
	Port: 12 (contain 24 entries)
		0/0/0/0/0	0/0/0/0/0	0/0/0/0/0	0/0/0/0/0	2.048e-05/0/0/0/0	2.112e-05/0/0/0/0	0/0/0/0/0	0/0/0/0/0	0/0/0/0/0	0/0/0/0/0	0/0/0/0/0	0/0/0/0/0	0/0/0/0/0	0/0/0/0/0	0/0/0/0/0	0.0007536/0/0/0/0	0/0/0/0/0	0/0/0/0/0	0/0/0/0/0	0/0/0/0/0	0/0/0/0/0	0/0/0/0/0	0/0/0/0/0	0/0/0/0/0	

Leaf 5: (contain: 12 ports)
	Port: 1 (contain 24 entries)
		0.00034144/0/0/0/0	0/0/0/0/0	0/0/0/0/0	0.00024496/0/0/0/0	0/0/0/0/0	0/0/0/0/0	1.28e-05/0/0/0/0	0/0/0/0/0	0/0/0/0/0	0/0/0/0/0	0/0/0/0/0	0/0/0/0/0	0/0/0/0/0	0/0/0/0/0	5.496e-05/0/0/0/0	0.00015848/0/0/0/0	1.28e-05/0/0/0/0	0/0/0/0/0	0/0/0/0/0	0/0/0/0/0	0/0/0/0/0	0/0/0/0/0	0/0/0/0/0	0/0/0/0/0	
	Port: 2 (contain 24 entries)
		0/0/0/0/0	2.224e-05/0/0/0/0	0/0/0/0/0	0/0/0/0/0	0/0/0/0/0	0/0/0/0/0	0/0/0/0/0	0/0/0/0/0	0/0/0/0/0	0/0/0/0/0	1.696e-05/0/0/0/0	0/0/0/0/0	0/0/0/0/0	2.112e-05/0/0/0/0	0/0/0/0/0	0/0/0/0/0	1.28e-05/0/0/0/0	0/0/0/0/0	0/0/0/0/0	0/0/0/0/0	0/0/0/0/0	0/0/0/0/0	0.0256209/0/0/0/0	1.888e-05/0/0/0/0	
	Port: 3 (contain 24 entries)
		0/0/0/0/0	0.00044544/0/0/0/0	0/0/0/0/0	0.00017216/0/0/0/0	0/0/0/0/0	0/0/0/0/0	0/0/0/0/0	0.00026184/0/0/0/0	5.304e-05/0/0/0/0	0/0/0/0/0	0/0/0/0/0	0/0/0/0/0	0/0/0/0/0	0.00731496/0/0/0/0	0.0555992/0/0/0/0	1.28e-05/0/0/0/0	0/0/0/0/0	0/0/0/0/0	2.976e-05/0/0/0/0	0/0/0/0/0	0/0/0/0/0	0/0/0/0/0	0/0/0/0/0	0/0/0/0/0	
	Port: 4 (contain 24 entries)
		0/0/0/0/0	0/0/0/0/0	0/0/0/0/0	0/0/0/0/0	0/0/0/0/0	0/0/0/0/0	0/0/0/0/0	0/0/0/0/0	0/0/0/0/0	0/0/0/0/0	0/0/0/0/0	0/0/0/0/0	0/0/0/0/0	0/0/0/0/0	0/0/0/0/0	0.00050944/0/0/0/0	0/0/0/0/0	2.944e-05/0/0/0/0	0.00028704/0/0/0/0	0/0/0/0/0	0/0/0/0/0	2.56e-05/0/0/0/0	1.28e-05/0/0/0/0	0/0/0/0/0	
	Port: 5 (contain 24 entries)
		0/0/0/0/0	0/0/0/0/0	0/0/0/0/0	2.112e-05/0/0/0/0	0/0/0/0/0	0/0/0/0/0	0/0/0/0/0	1.28e-05/0/0/0/0	0/0/0/0/0	0/0/0/0/0	0.00020176/0/0/0/0	0/0/0/0/0	0/0/0/0/0	0/0/0/0/0	0/0/0/0/0	0/0/0/0/0	0/0/0/0/0	0/0/0/0/0	0.00025016/0/0/0/0	0/0/0/0/0	0/0/0/0/0	5.352e-05/0/0/0/0	0.00096936/0/0/0/0	0/0/0/0/0	
	Port: 6 (contain 24 entries)
		0/0/0/0/0	0/0/0/0/0	0/0/0/0/0	1.696e-05/0/0/0/0	0/0/0/0/0	0/0/0/0/0	0/0/0/0/0	0/0/0/0/0	0/0/0/0/0	0/0/0/0/0	0/0/0/0/0	0/0/0/0/0	0/0/0/0/0	0/0/0/0/0	1.28e-05/0/0/0/0	0/0/0/0/0	0/0/0/0/0	0/0/0/0/0	0/0/0/0/0	0/0/0/0/0	0/0/0/0/0	2.424e-05/0/0/0/0	0/0/0/0/0	0/0/0/0/0	
	Port: 7 (contain 24 entries)
		0/0/0/0/0	0/0/0/0/0	0/0/0/0/0	0/0/0/0/0	0/0/0/0/0	0/0/0/0/0	0/0/0/0/0	0/0/0/0/0	0/0/0/0/0	0/0/0/0/0	0/0/0/0/0	0/0/0/0/0	0/0/0/0/0	0/0/0/0/0	0/0/0/0/0	0.00012872/0/0/0/0	3.136e-05/0/0/0/0	0/0/0/0/0	0/0/0/0/0	0/0/0/0/0	0/0/0/0/0	0/0/0/0/0	0/0/0/0/0	0/0/0/0/0	
	Port: 8 (contain 24 entries)
		0/0/0/0/0	0/0/0/0/0	0/0/0/0/0	0/0/0/0/0	0/0/0/0/0	0/0/0/0/0	0/0/0/0/0	3.992e-05/0/0/0/0	1.28e-05/0/0/0/0	0/0/0/0/0	0/0/0/0/0	0/0/0/0/0	0/0/0/0/0	0/0/0/0/0	0/0/0/0/0	2.944e-05/0/0/0/0	0/0/0/0/0	0/0/0/0/0	0/0/0/0/0	0/0/0/0/0	0/0/0/0/0	0/0/0/0/0	0/0/0/0/0	0/0/0/0/0	
	Port: 9 (contain 24 entries)
		0/0/0/0/0	0/0/0/0/0	0/0/0/0/0	1.696e-05/0/0/0/0	0/0/0/0/0	0/0/0/0/0	0/0/0/0/0	0/0/0/0/0	0/0/0/0/0	0/0/0/0/0	0/0/0/0/0	0/0/0/0/0	0/0/0/0/0	0.0002668/0/0/0/0	0/0/0/0/0	0/0/0/0/0	0/0/0/0/0	0.00117024/0/0/0/0	0.0074176/0/0/0/0	0/0/0/0/0	0/0/0/0/0	0/0/0/0/0	0/0/0/0/0	0/0/0/0/0	
	Port: 10 (contain 24 entries)
		0/0/0/0/0	3.808e-05/0/0/0/0	0/0/0/0/0	0/0/0/0/0	0/0/0/0/0	0/0/0/0/0	0/0/0/0/0	0/0/0/0/0	0/0/0/0/0	0/0/0/0/0	0/0/0/0/0	0/0/0/0/0	0/0/0/0/0	1.28e-05/0/0/0/0	0/0/0/0/0	0/0/0/0/0	0/0/0/0/0	0/0/0/0/0	0/0/0/0/0	0/0/0/0/0	0/0/0/0/0	0/0/0/0/0	0/0/0/0/0	1.28e-05/0/0/0/0	
	Port: 11 (contain 24 entries)
		0/0/0/0/0	0/0/0/0/0	0/0/0/0/0	0/0/0/0/0	0/0/0/0/0	0/0/0/0/0	0/0/0/0/0	0.00382416/0/0/0/0	0/0/0/0/0	0/0/0/0/0	0/0/0/0/0	0/0/0/0/0	0/0/0/0/0	0.0002624/0/0/0/0	0.0019968/0/0/0/0	0/0/0/0/0	0/0/0/0/0	0/0/0/0/0	0/0/0/0/0	0/0/0/0/0	0/0/0/0/0	0/0/0/0/0	0/0/0/0/0	0/0/0/0/0	
	Port: 12 (contain 24 entries)
		0.00919424/0/0/0/0	0/0/0/0/0	0/0/0/0/0	0/0/0/0/0	0/0/0/0/0	0/0/0/0/0	8.92e-05/0/0/0/0	0/0/0/0/0	0/0/0/0/0	0/0/0/0/0	0/0/0/0/0	0/0/0/0/0	0/0/0/0/0	0/0/0/0/0	0/0/0/0/0	1.696e-05/0/0/0/0	9.752e-05/0/0/0/0	0/0/0/0/0	0/0/0/0/0	0/0/0/0/0	0/0/0/0/0	0/0/0/0/0	0/0/0/0/0	0/0/0/0/0	

Leaf 6: (contain: 12 ports)
	Port: 1 (contain 24 entries)
		0/0/0/0/0	2.144e-05/0/0/0/0	0/0/0/0/0	0/0/0/0/0	0/0/0/0/0	0/0/0/0/0	0/0/0/0/0	0/0/0/0/0	0/0/0/0/0	0/0/0/0/0	0/0/0/0/0	0/0/0/0/0	0/0/0/0/0	0/0/0/0/0	0/0/0/0/0	9.008e-05/0/0/0/0	1.28e-05/0/0/0/0	2.808e-05/0/0/0/0	1.28e-05/0/0/0/0	3.36e-05/0/0/0/0	1.28e-05/0/0/0/0	0/0/0/0/0	0/0/0/0/0	0/0/0/0/0	
	Port: 2 (contain 24 entries)
		0/0/0/0/0	9.04e-05/0/0/0/0	0/0/0/0/0	0.00087336/0/0/0/0	0.0160952/0/0/0/0	0/0/0/0/0	0/0/0/0/0	0.012325/0/0/0/0	0/0/0/0/0	1.28e-05/0/0/0/0	0/0/0/0/0	0/0/0/0/0	0/0/0/0/0	0/0/0/0/0	0.00020208/0/0/0/0	0/0/0/0/0	0/0/0/0/0	0/0/0/0/0	0.00022344/0/0/0/0	0/0/0/0/0	0.0649823/0/0/0/0	0/0/0/0/0	4.136e-05/0/0/0/0	0/0/0/0/0	
	Port: 3 (contain 24 entries)
		0.00920704/0/0/0/0	0/0/0/0/0	0/0/0/0/0	1.28e-05/0/0/0/0	0.00016256/0/0/0/0	0/0/0/0/0	0/0/0/0/0	0/0/0/0/0	0/0/0/0/0	0/0/0/0/0	0/0/0/0/0	0/0/0/0/0	0/0/0/0/0	4.856e-05/0/0/0/0	1.28e-05/0/0/0/0	2.112e-05/0/0/0/0	0/0/0/0/0	0.0007056/0/0/0/0	0.00789504/0/0/0/0	0/0/0/0/0	0/0/0/0/0	0/0/0/0/0	0.0228649/0/0/0/0	0.00080056/0/0/0/0	
	Port: 4 (contain 24 entries)
		0/0/0/0/0	0/0/0/0/0	0/0/0/0/0	3.36e-05/0/0/0/0	0/0/0/0/0	0/0/0/0/0	8.92e-05/0/0/0/0	0/0/0/0/0	0/0/0/0/0	0/0/0/0/0	0/0/0/0/0	0/0/0/0/0	0/0/0/0/0	1.28e-05/0/0/0/0	1.28e-05/0/0/0/0	0/0/0/0/0	0/0/0/0/0	0/0/0/0/0	3.328e-05/0/0/0/0	0.00418112/0/0/0/0	0/0/0/0/0	1.28e-05/0/0/0/0	0.000928/0/0/0/0	0/0/0/0/0	
	Port: 5 (contain 24 entries)
		0/0/0/0/0	0/0/0/0/0	0/0/0/0/0	0/0/0/0/0	0.00058688/0/0/0/0	0/0/0/0/0	1.28e-05/0/0/0/0	0/0/0/0/0	0/0/0/0/0	0/0/0/0/0	0/0/0/0/0	0/0/0/0/0	0/0/0/0/0	0/0/0/0/0	0/0/0/0/0	0/0/0/0/0	0/0/0/0/0	0/0/0/0/0	0/0/0/0/0	0/0/0/0/0	0/0/0/0/0	0/0/0/0/0	0/0/0/0/0	0/0/0/0/0	
	Port: 6 (contain 24 entries)
		3.184e-05/0/0/0/0	0/0/0/0/0	0/0/0/0/0	0/0/0/0/0	0/0/0/0/0	0/0/0/0/0	0/0/0/0/0	0/0/0/0/0	0/0/0/0/0	0/0/0/0/0	0/0/0/0/0	0/0/0/0/0	0/0/0/0/0	0/0/0/0/0	0/0/0/0/0	1.28e-05/0/0/0/0	0/0/0/0/0	0/0/0/0/0	1.696e-05/0/0/0/0	0/0/0/0/0	0.00233824/0/0/0/0	0/0/0/0/0	0.0256209/0/0/0/0	2.944e-05/0/0/0/0	
	Port: 7 (contain 24 entries)
		0/0/0/0/0	0/0/0/0/0	0/0/0/0/0	0/0/0/0/0	0/0/0/0/0	0/0/0/0/0	0/0/0/0/0	0/0/0/0/0	0/0/0/0/0	0/0/0/0/0	0/0/0/0/0	0/0/0/0/0	0/0/0/0/0	0/0/0/0/0	0/0/0/0/0	0.00025848/0/0/0/0	7.832e-05/0/0/0/0	0/0/0/0/0	0/0/0/0/0	0/0/0/0/0	0/0/0/0/0	0/0/0/0/0	0/0/0/0/0	4.48e-06/0/0/0/0	
	Port: 8 (contain 24 entries)
		0/0/0/0/0	0/0/0/0/0	0/0/0/0/0	1.28e-05/0/0/0/0	0/0/0/0/0	0/0/0/0/0	0/0/0/0/0	0/0/0/0/0	0/0/0/0/0	0/0/0/0/0	0/0/0/0/0	0/0/0/0/0	0/0/0/0/0	0.00022112/0/0/0/0	0.00010312/0/0/0/0	0/0/0/0/0	0/0/0/0/0	0/0/0/0/0	0/0/0/0/0	0/0/0/0/0	6.752e-05/0/0/0/0	0/0/0/0/0	0/0/0/0/0	0/0/0/0/0	
	Port: 9 (contain 24 entries)
		0/0/0/0/0	0/0/0/0/0	0/0/0/0/0	0/0/0/0/0	0/0/0/0/0	0/0/0/0/0	0/0/0/0/0	0/0/0/0/0	0/0/0/0/0	0/0/0/0/0	0/0/0/0/0	0/0/0/0/0	0/0/0/0/0	0/0/0/0/0	0/0/0/0/0	0/0/0/0/0	0/0/0/0/0	0/0/0/0/0	9.88e-05/0/0/0/0	0/0/0/0/0	0/0/0/0/0	0/0/0/0/0	0/0/0/0/0	0/0/0/0/0	
	Port: 10 (contain 24 entries)
		0/0/0/0/0	1.28e-05/0/0/0/0	0/0/0/0/0	0/0/0/0/0	0/0/0/0/0	0/0/0/0/0	0/0/0/0/0	0.0004496/0/0/0/0	0/0/0/0/0	0/0/0/0/0	0/0/0/0/0	0/0/0/0/0	0/0/0/0/0	0/0/0/0/0	1.696e-05/0/0/0/0	0/0/0/0/0	0/0/0/0/0	0/0/0/0/0	0/0/0/0/0	0/0/0/0/0	0/0/0/0/0	0.00012336/0/0/0/0	0/0/0/0/0	0/0/0/0/0	
	Port: 11 (contain 24 entries)
		0/0/0/0/0	0/0/0/0/0	0/0/0/0/0	0/0/0/0/0	0/0/0/0/0	0/0/0/0/0	0/0/0/0/0	0/0/0/0/0	0/0/0/0/0	0/0/0/0/0	0/0/0/0/0	0/0/0/0/0	0/0/0/0/0	4.2e-05/0/0/0/0	0/0/0/0/0	0/0/0/0/0	0/0/0/0/0	1.28e-05/0/0/0/0	1.28e-05/0/0/0/0	0/0/0/0/0	0/0/0/0/0	0/0/0/0/0	0/0/0/0/0	0/0/0/0/0	
	Port: 12 (contain 24 entries)
		0.00034144/0/0/0/0	1.28e-05/0/0/0/0	0/0/0/0/0	0.00080216/0/0/0/0	0.00425248/0/0/0/0	0/0/0/0/0	0/0/0/0/0	0/0/0/0/0	0/0/0/0/0	9.928e-05/0/0/0/0	0/0/0/0/0	0/0/0/0/0	0/0/0/0/0	1.28e-05/0/0/0/0	5.496e-05/0/0/0/0	0/0/0/0/0	0/0/0/0/0	2.944e-05/0/0/0/0	0.00032272/0/0/0/0	0.11713/0/0/0/0	0/0/0/0/0	0/0/0/0/0	0.00084096/0/0/0/0	0/0/0/0/0	

Leaf 7: (contain: 12 ports)
	Port: 1 (contain 24 entries)
		0/0/0/0/0	0/0/0/0/0	0/0/0/0/0	0/0/0/0/0	0/0/0/0/0	0/0/0/0/0	3.808e-05/0/0/0/0	0/0/0/0/0	0/0/0/0/0	0/0/0/0/0	1.28e-05/0/0/0/0	0/0/0/0/0	0/0/0/0/0	1.696e-05/0/0/0/0	0.169249/0/0/0/0	0.0119474/0/0/0/0	0/0/0/0/0	1.28e-05/0/0/0/0	1.28e-05/0/0/0/0	0/0/0/0/0	0/0/0/0/0	0/0/0/0/0	0/0/0/0/0	0.236876/0/0/0/0	
	Port: 2 (contain 24 entries)
		0/0/0/0/0	0/0/0/0/0	0/0/0/0/0	1.28e-05/0/0/0/0	0/0/0/0/0	0/0/0/0/0	0/0/0/0/0	0/0/0/0/0	0/0/0/0/0	0/0/0/0/0	8.56e-05/0/0/0/0	1.28e-05/0/0/0/0	0/0/0/0/0	0/0/0/0/0	0/0/0/0/0	0/0/0/0/0	0/0/0/0/0	0/0/0/0/0	1.28e-05/0/0/0/0	1.28e-05/0/0/0/0	0/0/0/0/0	0/0/0/0/0	0/0/0/0/0	0/0/0/0/0	
	Port: 3 (contain 24 entries)
		0/0/0/0/0	0/0/0/0/0	0.0541726/0/0/0/0	0.00078624/0/0/0/0	0/0/0/0/0	2.112e-05/0/0/0/0	0/0/0/0/0	0.00382416/0/0/0/0	0/0/0/0/0	0/0/0/0/0	0.007688/0/0/0/0	0.00306176/0/0/0/0	0/0/0/0/0	0/0/0/0/0	0/0/0/0/0	0/0/0/0/0	3.992e-05/0/0/0/0	0.0001912/0/0/0/0	0/0/0/0/0	0/0/0/0/0	0/0/0/0/0	0/0/0/0/0	0/0/0/0/0	0/0/0/0/0	
	Port: 4 (contain 24 entries)
		0/0/0/0/0	0.00055912/0/0/0/0	0/0/0/0/0	0/0/0/0/0	0/0/0/0/0	0/0/0/0/0	0/0/0/0/0	1.28e-05/0/0/0/0	0.0104042/0/0/0/0	0/0/0/0/0	0.00010352/0/0/0/0	2.112e-05/0/0/0/0	0/0/0/0/0	0.00023392/0/0/0/0	0.00011592/0/0/0/0	0/0/0/0/0	6.472e-05/0/0/0/0	3.224e-05/0/0/0/0	0/0/0/0/0	0/0/0/0/0	0/0/0/0/0	0/0/0/0/0	0.388448/0/0/0/0	0.935088/0/0/0/0	
	Port: 5 (contain 24 entries)
		0/0/0/0/0	0/0/0/0/0	0/0/0/0/0	0/0/0/0/0	0/0/0/0/0	0/0/0/0/0	0/0/0/0/0	0/0/0/0/0	0/0/0/0/0	0/0/0/0/0	0/0/0/0/0	0.00030824/0/0/0/0	0/0/0/0/0	0/0/0/0/0	9.872e-05/0/0/0/0	0/0/0/0/0	0/0/0/0/0	0/0/0/0/0	3.2e-05/0/0/0/0	0/0/0/0/0	0/0/0/0/0	0/0/0/0/0	0.0138656/0/0/0/0	0.0319738/0/0/0/0	
	Port: 6 (contain 24 entries)
		0/0/0/0/0	0/0/0/0/0	0/0/0/0/0	0/0/0/0/0	0/0/0/0/0	0/0/0/0/0	0/0/0/0/0	0/0/0/0/0	0/0/0/0/0	0/0/0/0/0	0/0/0/0/0	0/0/0/0/0	0/0/0/0/0	0/0/0/0/0	0/0/0/0/0	0/0/0/0/0	1.28e-05/0/0/0/0	0/0/0/0/0	0/0/0/0/0	0/0/0/0/0	0/0/0/0/0	0/0/0/0/0	0/0/0/0/0	0/0/0/0/0	
	Port: 7 (contain 24 entries)
		0/0/0/0/0	0/0/0/0/0	0/0/0/0/0	0/0/0/0/0	0/0/0/0/0	0/0/0/0/0	0/0/0/0/0	0/0/0/0/0	0/0/0/0/0	0/0/0/0/0	0/0/0/0/0	0/0/0/0/0	0/0/0/0/0	1.696e-05/0/0/0/0	1.28e-05/0/0/0/0	0/0/0/0/0	0/0/0/0/0	0/0/0/0/0	3.256e-05/0/0/0/0	0/0/0/0/0	0/0/0/0/0	0/0/0/0/0	0/0/0/0/0	0/0/0/0/0	
	Port: 8 (contain 24 entries)
		0/0/0/0/0	0/0/0/0/0	0.00195136/0/0/0/0	0.00012408/0/0/0/0	0/0/0/0/0	0/0/0/0/0	0/0/0/0/0	0.00014592/0/0/0/0	0/0/0/0/0	0/0/0/0/0	0/0/0/0/0	0/0/0/0/0	0/0/0/0/0	7.992e-05/0/0/0/0	0/0/0/0/0	0/0/0/0/0	0/0/0/0/0	0/0/0/0/0	0/0/0/0/0	0/0/0/0/0	0/0/0/0/0	0/0/0/0/0	0/0/0/0/0	0/0/0/0/0	
	Port: 9 (contain 24 entries)
		0/0/0/0/0	0/0/0/0/0	0/0/0/0/0	0/0/0/0/0	0/0/0/0/0	0/0/0/0/0	0/0/0/0/0	0/0/0/0/0	0/0/0/0/0	0/0/0/0/0	1.28e-05/0/0/0/0	0/0/0/0/0	0/0/0/0/0	0/0/0/0/0	0/0/0/0/0	0/0/0/0/0	0/0/0/0/0	0/0/0/0/0	0/0/0/0/0	0/0/0/0/0	0/0/0/0/0	0/0/0/0/0	0/0/0/0/0	0.00023912/0/0/0/0	
	Port: 10 (contain 24 entries)
		0/0/0/0/0	0/0/0/0/0	0/0/0/0/0	0/0/0/0/0	0/0/0/0/0	0/0/0/0/0	0/0/0/0/0	0/0/0/0/0	0/0/0/0/0	0/0/0/0/0	0.215408/0/0/0/0	0.0848402/0/0/0/0	0/0/0/0/0	0.00021048/0/0/0/0	0/0/0/0/0	0/0/0/0/0	0/0/0/0/0	2.808e-05/0/0/0/0	0/0/0/0/0	0/0/0/0/0	0/0/0/0/0	0/0/0/0/0	0/0/0/0/0	0/0/0/0/0	
	Port: 11 (contain 24 entries)
		0/0/0/0/0	0/0/0/0/0	0/0/0/0/0	0/0/0/0/0	0/0/0/0/0	0/0/0/0/0	0/0/0/0/0	0/0/0/0/0	0/0/0/0/0	0/0/0/0/0	1.28e-05/0/0/0/0	0/0/0/0/0	0/0/0/0/0	0/0/0/0/0	0.00605312/0/0/0/0	0.00042432/0/0/0/0	1.28e-05/0/0/0/0	0/0/0/0/0	0/0/0/0/0	0.00010736/0/0/0/0	0/0/0/0/0	0/0/0/0/0	0/0/0/0/0	0/0/0/0/0	
	Port: 12 (contain 24 entries)
		0/0/0/0/0	2.944e-05/0/0/0/0	0/0/0/0/0	0/0/0/0/0	0/0/0/0/0	0.00027712/0/0/0/0	0.000458/0/0/0/0	0.0007056/0/0/0/0	0.289992/0/0/0/0	0/0/0/0/0	0.00010032/0/0/0/0	3.168e-05/0/0/0/0	0/0/0/0/0	0/0/0/0/0	3.392e-05/0/0/0/0	0/0/0/0/0	1.28e-05/0/0/0/0	3.84e-05/0/0/0/0	0/0/0/0/0	0/0/0/0/0	0/0/0/0/0	0/0/0/0/0	0/0/0/0/0	0.00846176/0/0/0/0	

